
ERROR: Tests/dups.xml:2 Duplicate word ' foo' found in attribute 'ascii'
foo foo

ERROR: Tests/dups.xml:2 Duplicate word ' bar' found in attribute 'abbrev'
bar bar

ERROR: Tests/dups.xml:3 Duplicate word found ' it'
Make this a very long sentence that is going to be longer than what the scrien\
 is so it it will either wrap or go to the far end of the scrren.  This MUST be\
 a problem for somebody.  Look S/MIME spec  spec is a problem problem.  

ERROR: Tests/dups.xml:6 Duplicate word found ' spec'
Make this a very long sentence that is going to be longer than what the scrien\
 is so it will either wrap or go to the far end of the scrren.  This MUST be a \
problem for somebody.  Look S/MIME spec  spec is a problem problem.  

ERROR: Tests/dups.xml:6 Duplicate word found ' problem'
Make this a very long sentence that is going to be longer than what the scrien\
 is so it will either wrap or go to the far end of the scrren.  This MUST be a \
problem for somebody.  Look S/MIME spec  is a problem problem.  

ERROR: Tests/dups.xml:8 Duplicate word found ' test'
Test test

ERROR: Tests/dups.xml:9 Duplicate word found ' one'
First one one test to see see if things work. work 

ERROR: Tests/dups.xml:9 Duplicate word found ' see'
First one test to see see if things work. work 

ERROR: Tests/dups.xml:9 Duplicate word found ' work'
First one test to see if things work. work 
