INFO: Schema validation passes
Tests/spell.xml:4: Misspelled word 'THis' in attribute 'ascii'
  THis is also the title
Tests/spell.xml:4: Misspelled word 'TITLe' in attribute 'abbrev'
  Short TITLe
Tests/spell.xml:4: Misspelled word was found 'dcument'
  This is the title of the dcument
Tests/spell.xml:5: Misspelled word 'THis' in attribute 'name'
  THis is the series Info TItle
Tests/spell.xml:5: Misspelled word 'TItle' in attribute 'name'
  THis is the series Info TItle
Tests/spell.xml:6: Misspelled word 'Schaadx' in attribute 'asciiFullname'
  Jim Schaadx
Tests/spell.xml:6: Misspelled word 'YYY' in attribute 'asciiSurname'
  YYY
Tests/spell.xml:6: Misspelled word 'Schaadx' in attribute 'surname'
  Schaadx
Tests/spell.xml:7: Misspelled word was found 'Orgg'
  Orgg is an affilliation of text
Tests/spell.xml:7: Misspelled word was found 'affilliation'
  Orgg is an affilliation of text
Tests/spell.xml:12: Misspelled word 'Xtxt' in attribute 'ascii'
  Xtxt equal
Tests/spell.xml:14: Misspelled word was found 'ASN'
  Some test words - ASN.1 A2C go4broke Fred.Baker need to get some unicode here as well. groook
Tests/spell.xml:14: Misspelled word was found 'unicode'
  Some test words - ASN.1 A2C go4broke Fred.Baker need to get some unicode here as well. groook
Tests/spell.xml:14: Misspelled word was found 'groook'
  test words - ASN.1 A2C go4broke Fred.Baker need to get some unicode here as well. groook
Tests/spell.xml:18: Misspelled word was found 'ddtext'
  ddtext field
Tests/spell.xml:21: Misspelled word 'equall' in attribute 'ascii'
  text equall
Tests/spell.xml:21: Misspelled word was found 'reggional'
  reggional name
Tests/spell.xml:28: Misspelled word was found 'textt'
  textt field
Tests/spell.xml:30: Misspelled word was found 'fiiedl'
  text fiiedl
Tests/spell.xml:32: Misspelled word was found 'url'
  text field w/ url
Tests/spell.xml:38: Misspelled word was found 'WG'
  Test WG
Tests/spell.xml:46: Misspelled word was found 'THis'
  THis is the note name
Tests/spell.xml:54: Misspelled word was found 'THis'
  THis is the section 1 boilerplate.
Tests/spell.xml:60: Misspelled word was found 'THis'
  THis is the sectn name.
Tests/spell.xml:60: Misspelled word was found 'sectn'
  THis is the sectn name.
Tests/spell.xml:61: Misspelled word was found 'txt'
  Artwork can contain a txt element or an svg element
Tests/spell.xml:61: Misspelled word was found 'svg'
  Artwork can contain a txt element or an svg element
Tests/spell.xml:65: Misspelled word was found 'Assides'
  Assides do not allow for text content directly in them.
Tests/spell.xml:67: Misspelled word was found 'allwos'
  This allwos for either a text item
Tests/spell.xml:70: Misspelled word was found 'simpley'
  This element can be simpley text blob
Tests/spell.xml:73: Misspelled word was found 'tiem'
  This can also be a multiple text tiem
Tests/spell.xml:74: Misspelled word was found 'Whch'
  Whch allows for two items
Tests/spell.xml:78: Misspelled word was found 'figre'
  Title of the figre
Tests/spell.xml:81: Misspelled word was found 'Cn'
  Cn be text item
Tests/spell.xml:82: Misspelled word was found 'Src'
  Src Is additonlly text = could pt to something
Tests/spell.xml:82: Misspelled word was found 'additonlly'
  Src Is additonlly text = could pt to something
Tests/spell.xml:87: Misspelled word was found 'THis'
  THis can bee a text item
Tests/spell.xml:89: Misspelled word was found 'tiem'
  Or this can be a structured text tiem
Tests/spell.xml:92: Misspelled word was found 'permmts'
  Only permmts text
Tests/spell.xml:95: Misspelled word was found 'aa'
  This is aa table
Tests/spell.xml:98: Misspelled word was found 'THis'
  THis can be text
Tests/spell.xml:102: Misspelled word was found 'textlegal'
  this is also textlegal
Tests/spell.xml:123: Misspelled word was found 'sdrawkcab'
  Text item sdrawkcab
Tests/spell.xml:135: Misspelled word 'Mispelled' in attribute 'quotedFrom'
  Mispelled Srce of txtr
Tests/spell.xml:135: Misspelled word 'Srce' in attribute 'quotedFrom'
  Mispelled Srce of txtr
Tests/spell.xml:135: Misspelled word 'txtr' in attribute 'quotedFrom'
  Mispelled Srce of txtr
Tests/spell.xml:136: Misspelled word was found 'allwos'
  This allwos for a text item to be a child
Tests/spell.xml:138: Misspelled word was found 'compliated'
  this is compliated by MUST MUST be dropped or MUST must not be dropped  here was a cref 
Tests/spell.xml:140: Misspelled word was found 'cref'
  is compliated by MUST MUST be dropped or MUST must not be dropped  here was a cref dup checks  checks gets a dup.   Text here can be nstted for funcan 
Tests/spell.xml:140: Misspelled word was found 'dup'
  compliated by MUST MUST be dropped or MUST must not be dropped  here was a cref dup checks  checks gets a dup.   Text here can be nstted for funcan have 
Tests/spell.xml:141: Misspelled word was found 'dup'
  be dropped or MUST must not be dropped  here was a cref dup checks  checks gets a dup.   Text here can be nstted for funcan have content the protocol overrreview
Tests/spell.xml:142: Misspelled word was found 'nstted'
  not be dropped  here was a cref dup checks  checks gets a dup.   Text here can be nstted for funcan have content the protocol overrreviewTHis is a normal text 
Tests/spell.xml:145: Misspelled word was found 'overrreview'
  checks  checks gets a dup.   Text here can be nstted for funcan have content the protocol overrreviewTHis is a normal text item.THis is a normal textt itemNeed 
Tests/spell.xml:146: Misspelled word was found 'THis'
   checks gets a dup.   Text here can be nstted for funcan have content the protocol overrreviewTHis is a normal text item.THis is a normal textt itemNeed to 
Tests/spell.xml:146: Misspelled word was found 'THis'
  here can be nstted for funcan have content the protocol overrreviewTHis is a normal text item.THis is a normal textt itemNeed to text de-duplicatteTex is 
Tests/spell.xml:146: Misspelled word was found 'textt'
  nstted for funcan have content the protocol overrreviewTHis is a normal text item.THis is a normal textt itemNeed to text de-duplicatteTex is now mono-spaced
Tests/spell.xml:147: Misspelled word was found 'de'
  content the protocol overrreviewTHis is a normal text item.THis is a normal textt itemNeed to text de-duplicatteTex is now mono-spacedreferences can contain text
Tests/spell.xml:147: Misspelled word was found 'duplicatte'
   the protocol overrreviewTHis is a normal text item.THis is a normal textt itemNeed to text de-duplicatteTex is now mono-spacedreferences can contain text
Tests/spell.xml:140: Misspelled word was found 'CRefs'
  CRefs have tet content inside of them - I don't know about dups here
Tests/spell.xml:140: Misspelled word was found 'tet'
  CRefs have tet content inside of them - I don't know about dups here
Tests/spell.xml:140: Misspelled word was found 'dups'
  CRefs have tet content inside of them - I don't know about dups here
Tests/spell.xml:157: Misspelled word was found 'Rference'
  Rference group name
Tests/spell.xml:165: Misspelled word was found 'Anntoations'
  Anntoations are a text element
Tests/spell.xml:168: Misspelled word was found 'THis'
  THis elementt contains a text
Tests/spell.xml:168: Misspelled word was found 'elementt'
  THis elementt contains a text
Tests/spell.xml:178: Misspelled word was found 'liness'
  Postal liness are text
Tests/spell.xml:181: Misspelled word was found 'liness'
  Postal liness are text
Tests/spell.xml:188: Misspelled word was found 'Anntoations'
  Anntoations are a text element
Tests/spell.xml:191: Misspelled word was found 'THis'
  THis elementt contains a text
Tests/spell.xml:191: Misspelled word was found 'elementt'
  THis elementt contains a text
