INFO: Schema validation passes
ERROR: Personal Dictionary 'schaad.wl' ignored because it was not found
Tests/spell.xml:4: Misspelled word 'THis' in attribute 'ascii'
Tests/spell.xml:4: Misspelled word 'TITLe' in attribute 'abbrev'
Tests/spell.xml:4: Misspelled word was found 'dcument'
Tests/spell.xml:5: Misspelled word 'THis' in attribute 'name'
Tests/spell.xml:5: Misspelled word 'TItle' in attribute 'name'
Tests/spell.xml:6: Misspelled word 'Schaadx' in attribute 'asciiFullname'
Tests/spell.xml:6: Misspelled word 'YYY' in attribute 'asciiSurname'
Tests/spell.xml:6: Misspelled word 'Schaadx' in attribute 'surname'
Tests/spell.xml:7: Misspelled word was found 'Orgg'
Tests/spell.xml:7: Misspelled word was found 'affilliation'
Tests/spell.xml:12: Misspelled word 'Xtxt' in attribute 'ascii'
Tests/spell.xml:14: Misspelled word was found 'ASN'
Tests/spell.xml:14: Misspelled word was found 'unicode'
Tests/spell.xml:14: Misspelled word was found 'groook'
Tests/spell.xml:18: Misspelled word was found 'ddtext'
Tests/spell.xml:21: Misspelled word 'equall' in attribute 'ascii'
Tests/spell.xml:21: Misspelled word was found 'reggional'
Tests/spell.xml:28: Misspelled word was found 'textt'
Tests/spell.xml:30: Misspelled word was found 'fiiedl'
Tests/spell.xml:32: Misspelled word was found 'url'
Tests/spell.xml:38: Misspelled word was found 'WG'
Tests/spell.xml:46: Misspelled word was found 'THis'
Tests/spell.xml:54: Misspelled word was found 'THis'
Tests/spell.xml:60: Misspelled word was found 'THis'
Tests/spell.xml:60: Misspelled word was found 'sectn'
Tests/spell.xml:61: Misspelled word was found 'txt'
Tests/spell.xml:61: Misspelled word was found 'svg'
Tests/spell.xml:65: Misspelled word was found 'Assides'
Tests/spell.xml:67: Misspelled word was found 'allwos'
Tests/spell.xml:70: Misspelled word was found 'simpley'
Tests/spell.xml:73: Misspelled word was found 'tiem'
Tests/spell.xml:74: Misspelled word was found 'Whch'
Tests/spell.xml:78: Misspelled word was found 'figre'
Tests/spell.xml:81: Misspelled word was found 'Cn'
Tests/spell.xml:82: Misspelled word was found 'Src'
Tests/spell.xml:82: Misspelled word was found 'additonlly'
Tests/spell.xml:87: Misspelled word was found 'THis'
Tests/spell.xml:89: Misspelled word was found 'tiem'
Tests/spell.xml:92: Misspelled word was found 'permmts'
Tests/spell.xml:95: Misspelled word was found 'aa'
Tests/spell.xml:98: Misspelled word was found 'THis'
Tests/spell.xml:102: Misspelled word was found 'textlegal'
Tests/spell.xml:123: Misspelled word was found 'sdrawkcab'
Tests/spell.xml:135: Misspelled word 'Mispelled' in attribute 'quotedFrom'
Tests/spell.xml:135: Misspelled word 'Srce' in attribute 'quotedFrom'
Tests/spell.xml:135: Misspelled word 'txtr' in attribute 'quotedFrom'
Tests/spell.xml:136: Misspelled word was found 'allwos'
Tests/spell.xml:138: Misspelled word was found 'compliated'
Tests/spell.xml:140: Misspelled word was found 'cref'
Tests/spell.xml:140: Misspelled word was found 'dup'
Tests/spell.xml:141: Misspelled word was found 'dup'
Tests/spell.xml:142: Misspelled word was found 'nstted'
Tests/spell.xml:145: Misspelled word was found 'overrreview'
Tests/spell.xml:146: Misspelled word was found 'THis'
Tests/spell.xml:146: Misspelled word was found 'THis'
Tests/spell.xml:146: Misspelled word was found 'textt'
Tests/spell.xml:147: Misspelled word was found 'de'
Tests/spell.xml:147: Misspelled word was found 'duplicatte'
Tests/spell.xml:140: Misspelled word was found 'CRefs'
Tests/spell.xml:140: Misspelled word was found 'tet'
Tests/spell.xml:140: Misspelled word was found 'dups'
Tests/spell.xml:157: Misspelled word was found 'Rference'
Tests/spell.xml:165: Misspelled word was found 'Anntoations'
Tests/spell.xml:168: Misspelled word was found 'THis'
Tests/spell.xml:168: Misspelled word was found 'elementt'
Tests/spell.xml:178: Misspelled word was found 'liness'
Tests/spell.xml:181: Misspelled word was found 'liness'
Tests/spell.xml:188: Misspelled word was found 'Anntoations'
Tests/spell.xml:191: Misspelled word was found 'THis'
Tests/spell.xml:191: Misspelled word was found 'elementt'
