Tests/dia-sample-svg.svg:3: Style property 'fill' promoted to attribute
Tests/dia-sample-svg.svg:3: Style property 'text-anchor' promoted to attribute
Tests/dia-sample-svg.svg:3: Style property 'font-family' promoted to attribute
Tests/dia-sample-svg.svg:3: Style property 'font-style' promoted to attribute
Tests/dia-sample-svg.svg:3: Style property 'font-weight' promoted to attribute
Tests/dia-sample-svg.svg:3: The attribute 'fill' does not allow the value '#00FF00', replaced with 'black'
Tests/dia-sample-svg.svg:7: Style property 'fill' promoted to attribute
Tests/dia-sample-svg.svg:8: Style property 'fill' promoted to attribute
Tests/dia-sample-svg.svg:8: Style property 'fill-opacity' promoted to attribute
Tests/dia-sample-svg.svg:8: Style property 'stroke-width' promoted to attribute
Tests/dia-sample-svg.svg:8: Style property 'stroke' promoted to attribute
Tests/dia-sample-svg.svg:11: Style property 'fill' promoted to attribute
Tests/dia-sample-svg.svg:11: The attribute 'fill' does not allow the value '#ff00ff', replaced with 'black'
Tests/dia-sample-svg.svg:12: Style property 'fill' promoted to attribute
Tests/dia-sample-svg.svg:12: Style property 'fill-opacity' promoted to attribute
Tests/dia-sample-svg.svg:12: Style property 'stroke-width' promoted to attribute
Tests/dia-sample-svg.svg:12: Style property 'stroke' promoted to attribute
Tests/dia-sample-svg.svg:15: Style property 'fill' promoted to attribute
Tests/dia-sample-svg.svg:15: Style property 'fill-opacity' promoted to attribute
Tests/dia-sample-svg.svg:15: Style property 'stroke-width' promoted to attribute
Tests/dia-sample-svg.svg:15: Style property 'stroke' promoted to attribute
Tests/dia-sample-svg.svg:16: Style property 'fill' promoted to attribute
Tests/dia-sample-svg.svg:16: The attribute 'fill' does not allow the value '#FF0000', replaced with 'black'
Tests/dia-sample-svg.svg:17: Style property 'fill' promoted to attribute
Tests/dia-sample-svg.svg:17: Style property 'fill-opacity' promoted to attribute
Tests/dia-sample-svg.svg:17: Style property 'stroke-width' promoted to attribute
Tests/dia-sample-svg.svg:17: Style property 'stroke' promoted to attribute
Tests/dia-sample-svg.svg:20: Style property 'fill' promoted to attribute
Tests/dia-sample-svg.svg:20: Style property 'fill-opacity' promoted to attribute
Tests/dia-sample-svg.svg:20: Style property 'stroke-width' promoted to attribute
Tests/dia-sample-svg.svg:20: Style property 'stroke' promoted to attribute
Tests/dia-sample-svg.svg:21: Style property 'fill' promoted to attribute
Tests/dia-sample-svg.svg:22: Style property 'fill' promoted to attribute
Tests/dia-sample-svg.svg:22: Style property 'fill-opacity' promoted to attribute
Tests/dia-sample-svg.svg:22: Style property 'stroke-width' promoted to attribute
Tests/dia-sample-svg.svg:22: Style property 'stroke' promoted to attribute
Tests/dia-sample-svg.svg:24: Style property 'fill' promoted to attribute
Tests/dia-sample-svg.svg:24: Style property 'text-anchor' promoted to attribute
Tests/dia-sample-svg.svg:24: Style property 'font-family' promoted to attribute
Tests/dia-sample-svg.svg:24: Style property 'font-style' promoted to attribute
Tests/dia-sample-svg.svg:24: Style property 'font-weight' promoted to attribute
Tests/dia-sample-svg.svg:27: Style property 'fill' promoted to attribute
Tests/dia-sample-svg.svg:27: Style property 'text-anchor' promoted to attribute
Tests/dia-sample-svg.svg:27: Style property 'font-family' promoted to attribute
Tests/dia-sample-svg.svg:27: Style property 'font-style' promoted to attribute
Tests/dia-sample-svg.svg:27: Style property 'font-weight' promoted to attribute
Tests/dia-sample-svg.svg:30: Style property 'fill' promoted to attribute
Tests/dia-sample-svg.svg:30: Style property 'text-anchor' promoted to attribute
Tests/dia-sample-svg.svg:30: Style property 'font-family' promoted to attribute
Tests/dia-sample-svg.svg:30: Style property 'font-style' promoted to attribute
Tests/dia-sample-svg.svg:30: Style property 'font-weight' promoted to attribute
Tests/dia-sample-svg.svg:34: Style property 'fill' promoted to attribute
Tests/dia-sample-svg.svg:34: Style property 'fill-opacity' promoted to attribute
Tests/dia-sample-svg.svg:34: Style property 'stroke-width' promoted to attribute
Tests/dia-sample-svg.svg:34: Style property 'stroke' promoted to attribute
Tests/dia-sample-svg.svg:35: Style property 'fill' promoted to attribute
Tests/dia-sample-svg.svg:36: Style property 'fill' promoted to attribute
Tests/dia-sample-svg.svg:36: Style property 'fill-opacity' promoted to attribute
Tests/dia-sample-svg.svg:36: Style property 'stroke-width' promoted to attribute
Tests/dia-sample-svg.svg:36: Style property 'stroke' promoted to attribute
Tests/dia-sample-svg.svg:38: Style property 'fill' promoted to attribute
Tests/dia-sample-svg.svg:38: Style property 'text-anchor' promoted to attribute
Tests/dia-sample-svg.svg:38: Style property 'font-family' promoted to attribute
Tests/dia-sample-svg.svg:38: Style property 'font-style' promoted to attribute
Tests/dia-sample-svg.svg:38: Style property 'font-weight' promoted to attribute
Tests/dia-sample-svg.svg:41: Style property 'fill' promoted to attribute
Tests/dia-sample-svg.svg:41: Style property 'text-anchor' promoted to attribute
Tests/dia-sample-svg.svg:41: Style property 'font-family' promoted to attribute
Tests/dia-sample-svg.svg:41: Style property 'font-style' promoted to attribute
Tests/dia-sample-svg.svg:41: Style property 'font-weight' promoted to attribute
Tests/dia-sample-svg.svg:44: Style property 'fill' promoted to attribute
Tests/dia-sample-svg.svg:44: Style property 'text-anchor' promoted to attribute
Tests/dia-sample-svg.svg:44: Style property 'font-family' promoted to attribute
Tests/dia-sample-svg.svg:44: Style property 'font-style' promoted to attribute
Tests/dia-sample-svg.svg:44: Style property 'font-weight' promoted to attribute
