Tests/svg-wordle.svg:15: The element 'metadata' is not allowed as a child of 'svg'
Tests/svg-wordle.svg:19: The element 'clipPath' is not allowed as a child of 'defs'
Tests/svg-wordle.svg:27: The element 'g' does not allow the attribute 'clip-path', attribute to be removed.
Tests/svg-wordle.svg:30: Style property 'fill' promoted to attribute
Tests/svg-wordle.svg:30: Style property 'fill-opacity' promoted to attribute
Tests/svg-wordle.svg:30: Style property 'fill-rule' promoted to attribute
Tests/svg-wordle.svg:30: Style property 'stroke' promoted to attribute
Tests/svg-wordle.svg:33: Style property 'fill' promoted to attribute
Tests/svg-wordle.svg:33: Style property 'fill-opacity' promoted to attribute
Tests/svg-wordle.svg:33: Style property 'fill-rule' promoted to attribute
Tests/svg-wordle.svg:33: Style property 'stroke' promoted to attribute
Tests/svg-wordle.svg:33: The attribute 'fill' does not allow the value '#dbdbdb', replaced with 'black'
Tests/svg-wordle.svg:36: Style property 'fill' promoted to attribute
Tests/svg-wordle.svg:36: Style property 'fill-opacity' promoted to attribute
Tests/svg-wordle.svg:36: Style property 'fill-rule' promoted to attribute
Tests/svg-wordle.svg:36: Style property 'stroke' promoted to attribute
Tests/svg-wordle.svg:36: The attribute 'fill' does not allow the value '#700a00', replaced with 'black'
Tests/svg-wordle.svg:39: Style property 'fill' promoted to attribute
Tests/svg-wordle.svg:39: Style property 'fill-opacity' promoted to attribute
Tests/svg-wordle.svg:39: Style property 'fill-rule' promoted to attribute
Tests/svg-wordle.svg:39: Style property 'stroke' promoted to attribute
Tests/svg-wordle.svg:39: The attribute 'fill' does not allow the value '#370200', replaced with 'black'
Tests/svg-wordle.svg:42: Style property 'fill' promoted to attribute
Tests/svg-wordle.svg:42: Style property 'fill-opacity' promoted to attribute
Tests/svg-wordle.svg:42: Style property 'fill-rule' promoted to attribute
Tests/svg-wordle.svg:42: Style property 'stroke' promoted to attribute
Tests/svg-wordle.svg:42: The attribute 'fill' does not allow the value '#818181', replaced with 'black'
Tests/svg-wordle.svg:45: Style property 'fill' promoted to attribute
Tests/svg-wordle.svg:45: Style property 'fill-opacity' promoted to attribute
Tests/svg-wordle.svg:45: Style property 'fill-rule' promoted to attribute
Tests/svg-wordle.svg:45: Style property 'stroke' promoted to attribute
Tests/svg-wordle.svg:45: The attribute 'fill' does not allow the value '#4f0500', replaced with 'black'
Tests/svg-wordle.svg:48: Style property 'fill' promoted to attribute
Tests/svg-wordle.svg:48: Style property 'fill-opacity' promoted to attribute
Tests/svg-wordle.svg:48: Style property 'fill-rule' promoted to attribute
Tests/svg-wordle.svg:48: Style property 'stroke' promoted to attribute
Tests/svg-wordle.svg:48: The attribute 'fill' does not allow the value '#808080', replaced with 'black'
Tests/svg-wordle.svg:51: Style property 'fill' promoted to attribute
Tests/svg-wordle.svg:51: Style property 'fill-opacity' promoted to attribute
Tests/svg-wordle.svg:51: Style property 'fill-rule' promoted to attribute
Tests/svg-wordle.svg:51: Style property 'stroke' promoted to attribute
Tests/svg-wordle.svg:51: The attribute 'fill' does not allow the value '#787878', replaced with 'black'
Tests/svg-wordle.svg:54: Style property 'fill' promoted to attribute
Tests/svg-wordle.svg:54: Style property 'fill-opacity' promoted to attribute
Tests/svg-wordle.svg:54: Style property 'fill-rule' promoted to attribute
Tests/svg-wordle.svg:54: Style property 'stroke' promoted to attribute
Tests/svg-wordle.svg:54: The attribute 'fill' does not allow the value '#dddddd', replaced with 'black'
Tests/svg-wordle.svg:57: Style property 'fill' promoted to attribute
Tests/svg-wordle.svg:57: Style property 'fill-opacity' promoted to attribute
Tests/svg-wordle.svg:57: Style property 'fill-rule' promoted to attribute
Tests/svg-wordle.svg:57: Style property 'stroke' promoted to attribute
Tests/svg-wordle.svg:57: The attribute 'fill' does not allow the value '#800d00', replaced with 'black'
Tests/svg-wordle.svg:60: Style property 'fill' promoted to attribute
Tests/svg-wordle.svg:60: Style property 'fill-opacity' promoted to attribute
Tests/svg-wordle.svg:60: Style property 'fill-rule' promoted to attribute
Tests/svg-wordle.svg:60: Style property 'stroke' promoted to attribute
Tests/svg-wordle.svg:60: The attribute 'fill' does not allow the value '#af7d7c', replaced with 'black'
Tests/svg-wordle.svg:63: Style property 'fill' promoted to attribute
Tests/svg-wordle.svg:63: Style property 'fill-opacity' promoted to attribute
Tests/svg-wordle.svg:63: Style property 'fill-rule' promoted to attribute
Tests/svg-wordle.svg:63: Style property 'stroke' promoted to attribute
Tests/svg-wordle.svg:63: The attribute 'fill' does not allow the value '#380200', replaced with 'black'
Tests/svg-wordle.svg:66: Style property 'fill' promoted to attribute
Tests/svg-wordle.svg:66: Style property 'fill-opacity' promoted to attribute
Tests/svg-wordle.svg:66: Style property 'fill-rule' promoted to attribute
Tests/svg-wordle.svg:66: Style property 'stroke' promoted to attribute
Tests/svg-wordle.svg:66: The attribute 'fill' does not allow the value '#737373', replaced with 'black'
Tests/svg-wordle.svg:69: Style property 'fill' promoted to attribute
Tests/svg-wordle.svg:69: Style property 'fill-opacity' promoted to attribute
Tests/svg-wordle.svg:69: Style property 'fill-rule' promoted to attribute
Tests/svg-wordle.svg:69: Style property 'stroke' promoted to attribute
Tests/svg-wordle.svg:69: The attribute 'fill' does not allow the value '#740b00', replaced with 'black'
Tests/svg-wordle.svg:72: Style property 'fill' promoted to attribute
Tests/svg-wordle.svg:72: Style property 'fill-opacity' promoted to attribute
Tests/svg-wordle.svg:72: Style property 'fill-rule' promoted to attribute
Tests/svg-wordle.svg:72: Style property 'stroke' promoted to attribute
Tests/svg-wordle.svg:72: The attribute 'fill' does not allow the value '#3b0300', replaced with 'black'
Tests/svg-wordle.svg:75: Style property 'fill' promoted to attribute
Tests/svg-wordle.svg:75: Style property 'fill-opacity' promoted to attribute
Tests/svg-wordle.svg:75: Style property 'fill-rule' promoted to attribute
Tests/svg-wordle.svg:75: Style property 'stroke' promoted to attribute
Tests/svg-wordle.svg:75: The attribute 'fill' does not allow the value '#7d0d00', replaced with 'black'
Tests/svg-wordle.svg:78: Style property 'fill' promoted to attribute
Tests/svg-wordle.svg:78: Style property 'fill-opacity' promoted to attribute
Tests/svg-wordle.svg:78: Style property 'fill-rule' promoted to attribute
Tests/svg-wordle.svg:78: Style property 'stroke' promoted to attribute
Tests/svg-wordle.svg:78: The attribute 'fill' does not allow the value '#7b7b7b', replaced with 'black'
Tests/svg-wordle.svg:81: Style property 'fill' promoted to attribute
Tests/svg-wordle.svg:81: Style property 'fill-opacity' promoted to attribute
Tests/svg-wordle.svg:81: Style property 'fill-rule' promoted to attribute
Tests/svg-wordle.svg:81: Style property 'stroke' promoted to attribute
Tests/svg-wordle.svg:81: The attribute 'fill' does not allow the value '#707070', replaced with 'black'
Tests/svg-wordle.svg:84: Style property 'fill' promoted to attribute
Tests/svg-wordle.svg:84: Style property 'fill-opacity' promoted to attribute
Tests/svg-wordle.svg:84: Style property 'fill-rule' promoted to attribute
Tests/svg-wordle.svg:84: Style property 'stroke' promoted to attribute
Tests/svg-wordle.svg:84: The attribute 'fill' does not allow the value '#3b0300', replaced with 'black'
Tests/svg-wordle.svg:87: Style property 'fill' promoted to attribute
Tests/svg-wordle.svg:87: Style property 'fill-opacity' promoted to attribute
Tests/svg-wordle.svg:87: Style property 'fill-rule' promoted to attribute
Tests/svg-wordle.svg:87: Style property 'stroke' promoted to attribute
Tests/svg-wordle.svg:87: The attribute 'fill' does not allow the value '#470400', replaced with 'black'
Tests/svg-wordle.svg:90: Style property 'fill' promoted to attribute
Tests/svg-wordle.svg:90: Style property 'fill-opacity' promoted to attribute
Tests/svg-wordle.svg:90: Style property 'fill-rule' promoted to attribute
Tests/svg-wordle.svg:90: Style property 'stroke' promoted to attribute
Tests/svg-wordle.svg:90: The attribute 'fill' does not allow the value '#b17f7e', replaced with 'black'
Tests/svg-wordle.svg:93: Style property 'fill' promoted to attribute
Tests/svg-wordle.svg:93: Style property 'fill-opacity' promoted to attribute
Tests/svg-wordle.svg:93: Style property 'fill-rule' promoted to attribute
Tests/svg-wordle.svg:93: Style property 'stroke' promoted to attribute
Tests/svg-wordle.svg:93: The attribute 'fill' does not allow the value '#7d7d7d', replaced with 'black'
Tests/svg-wordle.svg:96: Style property 'fill' promoted to attribute
Tests/svg-wordle.svg:96: Style property 'fill-opacity' promoted to attribute
Tests/svg-wordle.svg:96: Style property 'fill-rule' promoted to attribute
Tests/svg-wordle.svg:96: Style property 'stroke' promoted to attribute
Tests/svg-wordle.svg:96: The attribute 'fill' does not allow the value '#430300', replaced with 'black'
Tests/svg-wordle.svg:99: Style property 'fill' promoted to attribute
Tests/svg-wordle.svg:99: Style property 'fill-opacity' promoted to attribute
Tests/svg-wordle.svg:99: Style property 'fill-rule' promoted to attribute
Tests/svg-wordle.svg:99: Style property 'stroke' promoted to attribute
Tests/svg-wordle.svg:99: The attribute 'fill' does not allow the value '#3d0300', replaced with 'black'
Tests/svg-wordle.svg:102: Style property 'fill' promoted to attribute
Tests/svg-wordle.svg:102: Style property 'fill-opacity' promoted to attribute
Tests/svg-wordle.svg:102: Style property 'fill-rule' promoted to attribute
Tests/svg-wordle.svg:102: Style property 'stroke' promoted to attribute
Tests/svg-wordle.svg:102: The attribute 'fill' does not allow the value '#dbdbdb', replaced with 'black'
Tests/svg-wordle.svg:105: Style property 'fill' promoted to attribute
Tests/svg-wordle.svg:105: Style property 'fill-opacity' promoted to attribute
Tests/svg-wordle.svg:105: Style property 'fill-rule' promoted to attribute
Tests/svg-wordle.svg:105: Style property 'stroke' promoted to attribute
Tests/svg-wordle.svg:105: The attribute 'fill' does not allow the value '#460400', replaced with 'black'
Tests/svg-wordle.svg:108: Style property 'fill' promoted to attribute
Tests/svg-wordle.svg:108: Style property 'fill-opacity' promoted to attribute
Tests/svg-wordle.svg:108: Style property 'fill-rule' promoted to attribute
Tests/svg-wordle.svg:108: Style property 'stroke' promoted to attribute
Tests/svg-wordle.svg:108: The attribute 'fill' does not allow the value '#d6d6d6', replaced with 'black'
Tests/svg-wordle.svg:111: Style property 'fill' promoted to attribute
Tests/svg-wordle.svg:111: Style property 'fill-opacity' promoted to attribute
Tests/svg-wordle.svg:111: Style property 'fill-rule' promoted to attribute
Tests/svg-wordle.svg:111: Style property 'stroke' promoted to attribute
Tests/svg-wordle.svg:111: The attribute 'fill' does not allow the value '#ae7d7c', replaced with 'black'
Tests/svg-wordle.svg:114: Style property 'fill' promoted to attribute
Tests/svg-wordle.svg:114: Style property 'fill-opacity' promoted to attribute
Tests/svg-wordle.svg:114: Style property 'fill-rule' promoted to attribute
Tests/svg-wordle.svg:114: Style property 'stroke' promoted to attribute
Tests/svg-wordle.svg:114: The attribute 'fill' does not allow the value '#7a7a7a', replaced with 'black'
Tests/svg-wordle.svg:117: Style property 'fill' promoted to attribute
Tests/svg-wordle.svg:117: Style property 'fill-opacity' promoted to attribute
Tests/svg-wordle.svg:117: Style property 'fill-rule' promoted to attribute
Tests/svg-wordle.svg:117: Style property 'stroke' promoted to attribute
Tests/svg-wordle.svg:117: The attribute 'fill' does not allow the value '#7c7c7c', replaced with 'black'
Tests/svg-wordle.svg:120: Style property 'fill' promoted to attribute
Tests/svg-wordle.svg:120: Style property 'fill-opacity' promoted to attribute
Tests/svg-wordle.svg:120: Style property 'fill-rule' promoted to attribute
Tests/svg-wordle.svg:120: Style property 'stroke' promoted to attribute
Tests/svg-wordle.svg:120: The attribute 'fill' does not allow the value '#d1d0d1', replaced with 'black'
Tests/svg-wordle.svg:123: Style property 'fill' promoted to attribute
Tests/svg-wordle.svg:123: Style property 'fill-opacity' promoted to attribute
Tests/svg-wordle.svg:123: Style property 'fill-rule' promoted to attribute
Tests/svg-wordle.svg:123: Style property 'stroke' promoted to attribute
Tests/svg-wordle.svg:123: The attribute 'fill' does not allow the value '#b38180', replaced with 'black'
Tests/svg-wordle.svg:126: Style property 'fill' promoted to attribute
Tests/svg-wordle.svg:126: Style property 'fill-opacity' promoted to attribute
Tests/svg-wordle.svg:126: Style property 'fill-rule' promoted to attribute
Tests/svg-wordle.svg:126: Style property 'stroke' promoted to attribute
Tests/svg-wordle.svg:126: The attribute 'fill' does not allow the value '#790c00', replaced with 'black'
Tests/svg-wordle.svg:129: Style property 'fill' promoted to attribute
Tests/svg-wordle.svg:129: Style property 'fill-opacity' promoted to attribute
Tests/svg-wordle.svg:129: Style property 'fill-rule' promoted to attribute
Tests/svg-wordle.svg:129: Style property 'stroke' promoted to attribute
Tests/svg-wordle.svg:129: The attribute 'fill' does not allow the value '#7a7a7a', replaced with 'black'
Tests/svg-wordle.svg:132: Style property 'fill' promoted to attribute
Tests/svg-wordle.svg:132: Style property 'fill-opacity' promoted to attribute
Tests/svg-wordle.svg:132: Style property 'fill-rule' promoted to attribute
Tests/svg-wordle.svg:132: Style property 'stroke' promoted to attribute
Tests/svg-wordle.svg:132: The attribute 'fill' does not allow the value '#3d0300', replaced with 'black'
Tests/svg-wordle.svg:135: Style property 'fill' promoted to attribute
Tests/svg-wordle.svg:135: Style property 'fill-opacity' promoted to attribute
Tests/svg-wordle.svg:135: Style property 'fill-rule' promoted to attribute
Tests/svg-wordle.svg:135: Style property 'stroke' promoted to attribute
Tests/svg-wordle.svg:135: The attribute 'fill' does not allow the value '#d2d2d2', replaced with 'black'
Tests/svg-wordle.svg:138: Style property 'fill' promoted to attribute
Tests/svg-wordle.svg:138: Style property 'fill-opacity' promoted to attribute
Tests/svg-wordle.svg:138: Style property 'fill-rule' promoted to attribute
Tests/svg-wordle.svg:138: Style property 'stroke' promoted to attribute
Tests/svg-wordle.svg:138: The attribute 'fill' does not allow the value '#760b00', replaced with 'black'
Tests/svg-wordle.svg:141: Style property 'fill' promoted to attribute
Tests/svg-wordle.svg:141: Style property 'fill-opacity' promoted to attribute
Tests/svg-wordle.svg:141: Style property 'fill-rule' promoted to attribute
Tests/svg-wordle.svg:141: Style property 'stroke' promoted to attribute
Tests/svg-wordle.svg:141: The attribute 'fill' does not allow the value '#4d0400', replaced with 'black'
Tests/svg-wordle.svg:144: Style property 'fill' promoted to attribute
Tests/svg-wordle.svg:144: Style property 'fill-opacity' promoted to attribute
Tests/svg-wordle.svg:144: Style property 'fill-rule' promoted to attribute
Tests/svg-wordle.svg:144: Style property 'stroke' promoted to attribute
Tests/svg-wordle.svg:144: The attribute 'fill' does not allow the value '#dcdcdc', replaced with 'black'
Tests/svg-wordle.svg:147: Style property 'fill' promoted to attribute
Tests/svg-wordle.svg:147: Style property 'fill-opacity' promoted to attribute
Tests/svg-wordle.svg:147: Style property 'fill-rule' promoted to attribute
Tests/svg-wordle.svg:147: Style property 'stroke' promoted to attribute
Tests/svg-wordle.svg:147: The attribute 'fill' does not allow the value '#ad7c7b', replaced with 'black'
Tests/svg-wordle.svg:150: Style property 'fill' promoted to attribute
Tests/svg-wordle.svg:150: Style property 'fill-opacity' promoted to attribute
Tests/svg-wordle.svg:150: Style property 'fill-rule' promoted to attribute
Tests/svg-wordle.svg:150: Style property 'stroke' promoted to attribute
Tests/svg-wordle.svg:150: The attribute 'fill' does not allow the value '#818181', replaced with 'black'
Tests/svg-wordle.svg:153: Style property 'fill' promoted to attribute
Tests/svg-wordle.svg:153: Style property 'fill-opacity' promoted to attribute
Tests/svg-wordle.svg:153: Style property 'fill-rule' promoted to attribute
Tests/svg-wordle.svg:153: Style property 'stroke' promoted to attribute
Tests/svg-wordle.svg:153: The attribute 'fill' does not allow the value '#a57675', replaced with 'black'
Tests/svg-wordle.svg:156: Style property 'fill' promoted to attribute
Tests/svg-wordle.svg:156: Style property 'fill-opacity' promoted to attribute
Tests/svg-wordle.svg:156: Style property 'fill-rule' promoted to attribute
Tests/svg-wordle.svg:156: Style property 'stroke' promoted to attribute
Tests/svg-wordle.svg:156: The attribute 'fill' does not allow the value '#b27f7e', replaced with 'black'
Tests/svg-wordle.svg:159: Style property 'fill' promoted to attribute
Tests/svg-wordle.svg:159: Style property 'fill-opacity' promoted to attribute
Tests/svg-wordle.svg:159: Style property 'fill-rule' promoted to attribute
Tests/svg-wordle.svg:159: Style property 'stroke' promoted to attribute
Tests/svg-wordle.svg:159: The attribute 'fill' does not allow the value '#d2d2d2', replaced with 'black'
Tests/svg-wordle.svg:162: Style property 'fill' promoted to attribute
Tests/svg-wordle.svg:162: Style property 'fill-opacity' promoted to attribute
Tests/svg-wordle.svg:162: Style property 'fill-rule' promoted to attribute
Tests/svg-wordle.svg:162: Style property 'stroke' promoted to attribute
Tests/svg-wordle.svg:162: The attribute 'fill' does not allow the value '#780b00', replaced with 'black'
Tests/svg-wordle.svg:165: Style property 'fill' promoted to attribute
Tests/svg-wordle.svg:165: Style property 'fill-opacity' promoted to attribute
Tests/svg-wordle.svg:165: Style property 'fill-rule' promoted to attribute
Tests/svg-wordle.svg:165: Style property 'stroke' promoted to attribute
Tests/svg-wordle.svg:165: The attribute 'fill' does not allow the value '#7d0d00', replaced with 'black'
Tests/svg-wordle.svg:168: Style property 'fill' promoted to attribute
Tests/svg-wordle.svg:168: Style property 'fill-opacity' promoted to attribute
Tests/svg-wordle.svg:168: Style property 'fill-rule' promoted to attribute
Tests/svg-wordle.svg:168: Style property 'stroke' promoted to attribute
Tests/svg-wordle.svg:168: The attribute 'fill' does not allow the value '#7e0d00', replaced with 'black'
Tests/svg-wordle.svg:171: Style property 'fill' promoted to attribute
Tests/svg-wordle.svg:171: Style property 'fill-opacity' promoted to attribute
Tests/svg-wordle.svg:171: Style property 'fill-rule' promoted to attribute
Tests/svg-wordle.svg:171: Style property 'stroke' promoted to attribute
Tests/svg-wordle.svg:171: The attribute 'fill' does not allow the value '#720a00', replaced with 'black'
Tests/svg-wordle.svg:174: Style property 'fill' promoted to attribute
Tests/svg-wordle.svg:174: Style property 'fill-opacity' promoted to attribute
Tests/svg-wordle.svg:174: Style property 'fill-rule' promoted to attribute
Tests/svg-wordle.svg:174: Style property 'stroke' promoted to attribute
Tests/svg-wordle.svg:174: The attribute 'fill' does not allow the value '#a37574', replaced with 'black'
Tests/svg-wordle.svg:177: Style property 'fill' promoted to attribute
Tests/svg-wordle.svg:177: Style property 'fill-opacity' promoted to attribute
Tests/svg-wordle.svg:177: Style property 'fill-rule' promoted to attribute
Tests/svg-wordle.svg:177: Style property 'stroke' promoted to attribute
Tests/svg-wordle.svg:177: The attribute 'fill' does not allow the value '#797979', replaced with 'black'
Tests/svg-wordle.svg:180: Style property 'fill' promoted to attribute
Tests/svg-wordle.svg:180: Style property 'fill-opacity' promoted to attribute
Tests/svg-wordle.svg:180: Style property 'fill-rule' promoted to attribute
Tests/svg-wordle.svg:180: Style property 'stroke' promoted to attribute
Tests/svg-wordle.svg:180: The attribute 'fill' does not allow the value '#797979', replaced with 'black'
Tests/svg-wordle.svg:183: Style property 'fill' promoted to attribute
Tests/svg-wordle.svg:183: Style property 'fill-opacity' promoted to attribute
Tests/svg-wordle.svg:183: Style property 'fill-rule' promoted to attribute
Tests/svg-wordle.svg:183: Style property 'stroke' promoted to attribute
Tests/svg-wordle.svg:183: The attribute 'fill' does not allow the value '#d9d9d9', replaced with 'black'
Tests/svg-wordle.svg:186: Style property 'fill' promoted to attribute
Tests/svg-wordle.svg:186: Style property 'fill-opacity' promoted to attribute
Tests/svg-wordle.svg:186: Style property 'fill-rule' promoted to attribute
Tests/svg-wordle.svg:186: Style property 'stroke' promoted to attribute
Tests/svg-wordle.svg:186: The attribute 'fill' does not allow the value '#780b00', replaced with 'black'
Tests/svg-wordle.svg:189: Style property 'fill' promoted to attribute
Tests/svg-wordle.svg:189: Style property 'fill-opacity' promoted to attribute
Tests/svg-wordle.svg:189: Style property 'fill-rule' promoted to attribute
Tests/svg-wordle.svg:189: Style property 'stroke' promoted to attribute
Tests/svg-wordle.svg:189: The attribute 'fill' does not allow the value '#780b00', replaced with 'black'
Tests/svg-wordle.svg:192: Style property 'fill' promoted to attribute
Tests/svg-wordle.svg:192: Style property 'fill-opacity' promoted to attribute
Tests/svg-wordle.svg:192: Style property 'fill-rule' promoted to attribute
Tests/svg-wordle.svg:192: Style property 'stroke' promoted to attribute
Tests/svg-wordle.svg:192: The attribute 'fill' does not allow the value '#6f6f6f', replaced with 'black'
Tests/svg-wordle.svg:195: Style property 'fill' promoted to attribute
Tests/svg-wordle.svg:195: Style property 'fill-opacity' promoted to attribute
Tests/svg-wordle.svg:195: Style property 'fill-rule' promoted to attribute
Tests/svg-wordle.svg:195: Style property 'stroke' promoted to attribute
Tests/svg-wordle.svg:195: The attribute 'fill' does not allow the value '#cecece', replaced with 'black'
Tests/svg-wordle.svg:198: Style property 'fill' promoted to attribute
Tests/svg-wordle.svg:198: Style property 'fill-opacity' promoted to attribute
Tests/svg-wordle.svg:198: Style property 'fill-rule' promoted to attribute
Tests/svg-wordle.svg:198: Style property 'stroke' promoted to attribute
Tests/svg-wordle.svg:198: The attribute 'fill' does not allow the value '#770b00', replaced with 'black'
Tests/svg-wordle.svg:201: Style property 'fill' promoted to attribute
Tests/svg-wordle.svg:201: Style property 'fill-opacity' promoted to attribute
Tests/svg-wordle.svg:201: Style property 'fill-rule' promoted to attribute
Tests/svg-wordle.svg:201: Style property 'stroke' promoted to attribute
Tests/svg-wordle.svg:201: The attribute 'fill' does not allow the value '#d7d7d7', replaced with 'black'
Tests/svg-wordle.svg:204: Style property 'fill' promoted to attribute
Tests/svg-wordle.svg:204: Style property 'fill-opacity' promoted to attribute
Tests/svg-wordle.svg:204: Style property 'fill-rule' promoted to attribute
Tests/svg-wordle.svg:204: Style property 'stroke' promoted to attribute
Tests/svg-wordle.svg:204: The attribute 'fill' does not allow the value '#dddddd', replaced with 'black'
Tests/svg-wordle.svg:207: Style property 'fill' promoted to attribute
Tests/svg-wordle.svg:207: Style property 'fill-opacity' promoted to attribute
Tests/svg-wordle.svg:207: Style property 'fill-rule' promoted to attribute
Tests/svg-wordle.svg:207: Style property 'stroke' promoted to attribute
Tests/svg-wordle.svg:207: The attribute 'fill' does not allow the value '#3c0300', replaced with 'black'
Tests/svg-wordle.svg:210: Style property 'fill' promoted to attribute
Tests/svg-wordle.svg:210: Style property 'fill-opacity' promoted to attribute
Tests/svg-wordle.svg:210: Style property 'fill-rule' promoted to attribute
Tests/svg-wordle.svg:210: Style property 'stroke' promoted to attribute
Tests/svg-wordle.svg:210: The attribute 'fill' does not allow the value '#750b00', replaced with 'black'
Tests/svg-wordle.svg:213: Style property 'fill' promoted to attribute
Tests/svg-wordle.svg:213: Style property 'fill-opacity' promoted to attribute
Tests/svg-wordle.svg:213: Style property 'fill-rule' promoted to attribute
Tests/svg-wordle.svg:213: Style property 'stroke' promoted to attribute
Tests/svg-wordle.svg:213: The attribute 'fill' does not allow the value '#840e00', replaced with 'black'
Tests/svg-wordle.svg:216: Style property 'fill' promoted to attribute
Tests/svg-wordle.svg:216: Style property 'fill-opacity' promoted to attribute
Tests/svg-wordle.svg:216: Style property 'fill-rule' promoted to attribute
Tests/svg-wordle.svg:216: Style property 'stroke' promoted to attribute
Tests/svg-wordle.svg:216: The attribute 'fill' does not allow the value '#d8d8d8', replaced with 'black'
Tests/svg-wordle.svg:219: Style property 'fill' promoted to attribute
Tests/svg-wordle.svg:219: Style property 'fill-opacity' promoted to attribute
Tests/svg-wordle.svg:219: Style property 'fill-rule' promoted to attribute
Tests/svg-wordle.svg:219: Style property 'stroke' promoted to attribute
Tests/svg-wordle.svg:219: The attribute 'fill' does not allow the value '#747474', replaced with 'black'
Tests/svg-wordle.svg:222: Style property 'fill' promoted to attribute
Tests/svg-wordle.svg:222: Style property 'fill-opacity' promoted to attribute
Tests/svg-wordle.svg:222: Style property 'fill-rule' promoted to attribute
Tests/svg-wordle.svg:222: Style property 'stroke' promoted to attribute
Tests/svg-wordle.svg:222: The attribute 'fill' does not allow the value '#a27473', replaced with 'black'
Tests/svg-wordle.svg:225: Style property 'fill' promoted to attribute
Tests/svg-wordle.svg:225: Style property 'fill-opacity' promoted to attribute
Tests/svg-wordle.svg:225: Style property 'fill-rule' promoted to attribute
Tests/svg-wordle.svg:225: Style property 'stroke' promoted to attribute
Tests/svg-wordle.svg:225: The attribute 'fill' does not allow the value '#4b0400', replaced with 'black'
Tests/svg-wordle.svg:228: Style property 'fill' promoted to attribute
Tests/svg-wordle.svg:228: Style property 'fill-opacity' promoted to attribute
Tests/svg-wordle.svg:228: Style property 'fill-rule' promoted to attribute
Tests/svg-wordle.svg:228: Style property 'stroke' promoted to attribute
Tests/svg-wordle.svg:228: The attribute 'fill' does not allow the value '#4d0400', replaced with 'black'
Tests/svg-wordle.svg:231: Style property 'fill' promoted to attribute
Tests/svg-wordle.svg:231: Style property 'fill-opacity' promoted to attribute
Tests/svg-wordle.svg:231: Style property 'fill-rule' promoted to attribute
Tests/svg-wordle.svg:231: Style property 'stroke' promoted to attribute
Tests/svg-wordle.svg:231: The attribute 'fill' does not allow the value '#410300', replaced with 'black'
Tests/svg-wordle.svg:234: Style property 'fill' promoted to attribute
Tests/svg-wordle.svg:234: Style property 'fill-opacity' promoted to attribute
Tests/svg-wordle.svg:234: Style property 'fill-rule' promoted to attribute
Tests/svg-wordle.svg:234: Style property 'stroke' promoted to attribute
Tests/svg-wordle.svg:234: The attribute 'fill' does not allow the value '#a97978', replaced with 'black'
Tests/svg-wordle.svg:237: Style property 'fill' promoted to attribute
Tests/svg-wordle.svg:237: Style property 'fill-opacity' promoted to attribute
Tests/svg-wordle.svg:237: Style property 'fill-rule' promoted to attribute
Tests/svg-wordle.svg:237: Style property 'stroke' promoted to attribute
Tests/svg-wordle.svg:237: The attribute 'fill' does not allow the value '#d9d9d9', replaced with 'black'
Tests/svg-wordle.svg:240: Style property 'fill' promoted to attribute
Tests/svg-wordle.svg:240: Style property 'fill-opacity' promoted to attribute
Tests/svg-wordle.svg:240: Style property 'fill-rule' promoted to attribute
Tests/svg-wordle.svg:240: Style property 'stroke' promoted to attribute
Tests/svg-wordle.svg:240: The attribute 'fill' does not allow the value '#747474', replaced with 'black'
Tests/svg-wordle.svg:243: Style property 'fill' promoted to attribute
Tests/svg-wordle.svg:243: Style property 'fill-opacity' promoted to attribute
Tests/svg-wordle.svg:243: Style property 'fill-rule' promoted to attribute
Tests/svg-wordle.svg:243: Style property 'stroke' promoted to attribute
Tests/svg-wordle.svg:243: The attribute 'fill' does not allow the value '#720a00', replaced with 'black'
Tests/svg-wordle.svg:246: Style property 'fill' promoted to attribute
Tests/svg-wordle.svg:246: Style property 'fill-opacity' promoted to attribute
Tests/svg-wordle.svg:246: Style property 'fill-rule' promoted to attribute
Tests/svg-wordle.svg:246: Style property 'stroke' promoted to attribute
Tests/svg-wordle.svg:246: The attribute 'fill' does not allow the value '#cecece', replaced with 'black'
Tests/svg-wordle.svg:249: Style property 'fill' promoted to attribute
Tests/svg-wordle.svg:249: Style property 'fill-opacity' promoted to attribute
Tests/svg-wordle.svg:249: Style property 'fill-rule' promoted to attribute
Tests/svg-wordle.svg:249: Style property 'stroke' promoted to attribute
Tests/svg-wordle.svg:249: The attribute 'fill' does not allow the value '#800d00', replaced with 'black'
Tests/svg-wordle.svg:252: Style property 'fill' promoted to attribute
Tests/svg-wordle.svg:252: Style property 'fill-opacity' promoted to attribute
Tests/svg-wordle.svg:252: Style property 'fill-rule' promoted to attribute
Tests/svg-wordle.svg:252: Style property 'stroke' promoted to attribute
Tests/svg-wordle.svg:252: The attribute 'fill' does not allow the value '#400300', replaced with 'black'
Tests/svg-wordle.svg:255: Style property 'fill' promoted to attribute
Tests/svg-wordle.svg:255: Style property 'fill-opacity' promoted to attribute
Tests/svg-wordle.svg:255: Style property 'fill-rule' promoted to attribute
Tests/svg-wordle.svg:255: Style property 'stroke' promoted to attribute
Tests/svg-wordle.svg:255: The attribute 'fill' does not allow the value '#490400', replaced with 'black'
Tests/svg-wordle.svg:258: Style property 'fill' promoted to attribute
Tests/svg-wordle.svg:258: Style property 'fill-opacity' promoted to attribute
Tests/svg-wordle.svg:258: Style property 'fill-rule' promoted to attribute
Tests/svg-wordle.svg:258: Style property 'stroke' promoted to attribute
Tests/svg-wordle.svg:258: The attribute 'fill' does not allow the value '#d1d0d1', replaced with 'black'
Tests/svg-wordle.svg:261: Style property 'fill' promoted to attribute
Tests/svg-wordle.svg:261: Style property 'fill-opacity' promoted to attribute
Tests/svg-wordle.svg:261: Style property 'fill-rule' promoted to attribute
Tests/svg-wordle.svg:261: Style property 'stroke' promoted to attribute
Tests/svg-wordle.svg:261: The attribute 'fill' does not allow the value '#760b00', replaced with 'black'
Tests/svg-wordle.svg:264: Style property 'fill' promoted to attribute
Tests/svg-wordle.svg:264: Style property 'fill-opacity' promoted to attribute
Tests/svg-wordle.svg:264: Style property 'fill-rule' promoted to attribute
Tests/svg-wordle.svg:264: Style property 'stroke' promoted to attribute
Tests/svg-wordle.svg:264: The attribute 'fill' does not allow the value '#3b0300', replaced with 'black'
Tests/svg-wordle.svg:267: Style property 'fill' promoted to attribute
Tests/svg-wordle.svg:267: Style property 'fill-opacity' promoted to attribute
Tests/svg-wordle.svg:267: Style property 'fill-rule' promoted to attribute
Tests/svg-wordle.svg:267: Style property 'stroke' promoted to attribute
Tests/svg-wordle.svg:267: The attribute 'fill' does not allow the value '#4a0400', replaced with 'black'
Tests/svg-wordle.svg:270: Style property 'fill' promoted to attribute
Tests/svg-wordle.svg:270: Style property 'fill-opacity' promoted to attribute
Tests/svg-wordle.svg:270: Style property 'fill-rule' promoted to attribute
Tests/svg-wordle.svg:270: Style property 'stroke' promoted to attribute
Tests/svg-wordle.svg:270: The attribute 'fill' does not allow the value '#490400', replaced with 'black'
Tests/svg-wordle.svg:273: Style property 'fill' promoted to attribute
Tests/svg-wordle.svg:273: Style property 'fill-opacity' promoted to attribute
Tests/svg-wordle.svg:273: Style property 'fill-rule' promoted to attribute
Tests/svg-wordle.svg:273: Style property 'stroke' promoted to attribute
Tests/svg-wordle.svg:273: The attribute 'fill' does not allow the value '#a57675', replaced with 'black'
Tests/svg-wordle.svg:276: Style property 'fill' promoted to attribute
Tests/svg-wordle.svg:276: Style property 'fill-opacity' promoted to attribute
Tests/svg-wordle.svg:276: Style property 'fill-rule' promoted to attribute
Tests/svg-wordle.svg:276: Style property 'stroke' promoted to attribute
Tests/svg-wordle.svg:276: The attribute 'fill' does not allow the value '#a17372', replaced with 'black'
Tests/svg-wordle.svg:279: Style property 'fill' promoted to attribute
Tests/svg-wordle.svg:279: Style property 'fill-opacity' promoted to attribute
Tests/svg-wordle.svg:279: Style property 'fill-rule' promoted to attribute
Tests/svg-wordle.svg:279: Style property 'stroke' promoted to attribute
Tests/svg-wordle.svg:279: The attribute 'fill' does not allow the value '#3e0300', replaced with 'black'
Tests/svg-wordle.svg:282: Style property 'fill' promoted to attribute
Tests/svg-wordle.svg:282: Style property 'fill-opacity' promoted to attribute
Tests/svg-wordle.svg:282: Style property 'fill-rule' promoted to attribute
Tests/svg-wordle.svg:282: Style property 'stroke' promoted to attribute
Tests/svg-wordle.svg:282: The attribute 'fill' does not allow the value '#d1d0d1', replaced with 'black'
Tests/svg-wordle.svg:285: Style property 'fill' promoted to attribute
Tests/svg-wordle.svg:285: Style property 'fill-opacity' promoted to attribute
Tests/svg-wordle.svg:285: Style property 'fill-rule' promoted to attribute
Tests/svg-wordle.svg:285: Style property 'stroke' promoted to attribute
Tests/svg-wordle.svg:285: The attribute 'fill' does not allow the value '#3b0300', replaced with 'black'
Tests/svg-wordle.svg:288: Style property 'fill' promoted to attribute
Tests/svg-wordle.svg:288: Style property 'fill-opacity' promoted to attribute
Tests/svg-wordle.svg:288: Style property 'fill-rule' promoted to attribute
Tests/svg-wordle.svg:288: Style property 'stroke' promoted to attribute
Tests/svg-wordle.svg:288: The attribute 'fill' does not allow the value '#a77877', replaced with 'black'
Tests/svg-wordle.svg:291: Style property 'fill' promoted to attribute
Tests/svg-wordle.svg:291: Style property 'fill-opacity' promoted to attribute
Tests/svg-wordle.svg:291: Style property 'fill-rule' promoted to attribute
Tests/svg-wordle.svg:291: Style property 'stroke' promoted to attribute
Tests/svg-wordle.svg:291: The attribute 'fill' does not allow the value '#dbdbdb', replaced with 'black'
Tests/svg-wordle.svg:294: Style property 'fill' promoted to attribute
Tests/svg-wordle.svg:294: Style property 'fill-opacity' promoted to attribute
Tests/svg-wordle.svg:294: Style property 'fill-rule' promoted to attribute
Tests/svg-wordle.svg:294: Style property 'stroke' promoted to attribute
Tests/svg-wordle.svg:294: The attribute 'fill' does not allow the value '#787878', replaced with 'black'
Tests/svg-wordle.svg:297: Style property 'fill' promoted to attribute
Tests/svg-wordle.svg:297: Style property 'fill-opacity' promoted to attribute
Tests/svg-wordle.svg:297: Style property 'fill-rule' promoted to attribute
Tests/svg-wordle.svg:297: Style property 'stroke' promoted to attribute
Tests/svg-wordle.svg:297: The attribute 'fill' does not allow the value '#7e0d00', replaced with 'black'
Tests/svg-wordle.svg:300: Style property 'fill' promoted to attribute
Tests/svg-wordle.svg:300: Style property 'fill-opacity' promoted to attribute
Tests/svg-wordle.svg:300: Style property 'fill-rule' promoted to attribute
Tests/svg-wordle.svg:300: Style property 'stroke' promoted to attribute
Tests/svg-wordle.svg:300: The attribute 'fill' does not allow the value '#760b00', replaced with 'black'
Tests/svg-wordle.svg:303: Style property 'fill' promoted to attribute
Tests/svg-wordle.svg:303: Style property 'fill-opacity' promoted to attribute
Tests/svg-wordle.svg:303: Style property 'fill-rule' promoted to attribute
Tests/svg-wordle.svg:303: Style property 'stroke' promoted to attribute
Tests/svg-wordle.svg:303: The attribute 'fill' does not allow the value '#4a0400', replaced with 'black'
Tests/svg-wordle.svg:306: Style property 'fill' promoted to attribute
Tests/svg-wordle.svg:306: Style property 'fill-opacity' promoted to attribute
Tests/svg-wordle.svg:306: Style property 'fill-rule' promoted to attribute
Tests/svg-wordle.svg:306: Style property 'stroke' promoted to attribute
Tests/svg-wordle.svg:306: The attribute 'fill' does not allow the value '#440400', replaced with 'black'
Tests/svg-wordle.svg:309: Style property 'fill' promoted to attribute
Tests/svg-wordle.svg:309: Style property 'fill-opacity' promoted to attribute
Tests/svg-wordle.svg:309: Style property 'fill-rule' promoted to attribute
Tests/svg-wordle.svg:309: Style property 'stroke' promoted to attribute
Tests/svg-wordle.svg:309: The attribute 'fill' does not allow the value '#7f7f7f', replaced with 'black'
Tests/svg-wordle.svg:312: Style property 'fill' promoted to attribute
Tests/svg-wordle.svg:312: Style property 'fill-opacity' promoted to attribute
Tests/svg-wordle.svg:312: Style property 'fill-rule' promoted to attribute
Tests/svg-wordle.svg:312: Style property 'stroke' promoted to attribute
Tests/svg-wordle.svg:312: The attribute 'fill' does not allow the value '#460400', replaced with 'black'
Tests/svg-wordle.svg:315: Style property 'fill' promoted to attribute
Tests/svg-wordle.svg:315: Style property 'fill-opacity' promoted to attribute
Tests/svg-wordle.svg:315: Style property 'fill-rule' promoted to attribute
Tests/svg-wordle.svg:315: Style property 'stroke' promoted to attribute
Tests/svg-wordle.svg:315: The attribute 'fill' does not allow the value '#400300', replaced with 'black'
Tests/svg-wordle.svg:318: Style property 'fill' promoted to attribute
Tests/svg-wordle.svg:318: Style property 'fill-opacity' promoted to attribute
Tests/svg-wordle.svg:318: Style property 'fill-rule' promoted to attribute
Tests/svg-wordle.svg:318: Style property 'stroke' promoted to attribute
Tests/svg-wordle.svg:318: The attribute 'fill' does not allow the value '#3d0300', replaced with 'black'
Tests/svg-wordle.svg:321: Style property 'fill' promoted to attribute
Tests/svg-wordle.svg:321: Style property 'fill-opacity' promoted to attribute
Tests/svg-wordle.svg:321: Style property 'fill-rule' promoted to attribute
Tests/svg-wordle.svg:321: Style property 'stroke' promoted to attribute
Tests/svg-wordle.svg:321: The attribute 'fill' does not allow the value '#747474', replaced with 'black'
Tests/svg-wordle.svg:324: Style property 'fill' promoted to attribute
Tests/svg-wordle.svg:324: Style property 'fill-opacity' promoted to attribute
Tests/svg-wordle.svg:324: Style property 'fill-rule' promoted to attribute
Tests/svg-wordle.svg:324: Style property 'stroke' promoted to attribute
Tests/svg-wordle.svg:324: The attribute 'fill' does not allow the value '#818181', replaced with 'black'
Tests/svg-wordle.svg:327: Style property 'fill' promoted to attribute
Tests/svg-wordle.svg:327: Style property 'fill-opacity' promoted to attribute
Tests/svg-wordle.svg:327: Style property 'fill-rule' promoted to attribute
Tests/svg-wordle.svg:327: Style property 'stroke' promoted to attribute
Tests/svg-wordle.svg:327: The attribute 'fill' does not allow the value '#af7e7d', replaced with 'black'
Tests/svg-wordle.svg:330: Style property 'fill' promoted to attribute
Tests/svg-wordle.svg:330: Style property 'fill-opacity' promoted to attribute
Tests/svg-wordle.svg:330: Style property 'fill-rule' promoted to attribute
Tests/svg-wordle.svg:330: Style property 'stroke' promoted to attribute
Tests/svg-wordle.svg:330: The attribute 'fill' does not allow the value '#757575', replaced with 'black'
