Tests/utf8.svg:5: The element 'clipPath' is not allowed as a child of 'defs'
Tests/utf8.svg:8: The element 'clipPath' is not allowed as a child of 'defs'
Tests/utf8.svg:13: Element 'g' does not allow attributes with namespace 'http://xml.openoffice.org/svg/export'
Tests/utf8.svg:13: Element 'g' does not allow attributes with namespace 'http://xml.openoffice.org/svg/export'
Tests/utf8.svg:14: Element 'g' does not allow attributes with namespace 'http://xml.openoffice.org/svg/export'
Tests/utf8.svg:14: Element 'g' does not allow attributes with namespace 'http://xml.openoffice.org/svg/export'
Tests/utf8.svg:14: Element 'g' does not allow attributes with namespace 'http://xml.openoffice.org/svg/export'
Tests/utf8.svg:14: Element 'g' does not allow attributes with namespace 'http://xml.openoffice.org/svg/export'
Tests/utf8.svg:14: Element 'g' does not allow attributes with namespace 'http://xml.openoffice.org/svg/export'
Tests/utf8.svg:15: Element 'g' does not allow attributes with namespace 'http://xml.openoffice.org/svg/export'
Tests/utf8.svg:15: Element 'g' does not allow attributes with namespace 'http://xml.openoffice.org/svg/export'
Tests/utf8.svg:15: Element 'g' does not allow attributes with namespace 'http://xml.openoffice.org/svg/export'
Tests/utf8.svg:15: Element 'g' does not allow attributes with namespace 'http://xml.openoffice.org/svg/export'
Tests/utf8.svg:15: Element 'g' does not allow attributes with namespace 'http://xml.openoffice.org/svg/export'
Tests/utf8.svg:20: The element 'font' is not allowed as a child of 'defs'
Tests/utf8.svg:72: The element 'font' is not allowed as a child of 'defs'
Tests/utf8.svg:79: The element 'font' is not allowed as a child of 'defs'
Tests/utf8.svg:86: Element 'g' does not allow attributes with namespace 'http://xml.openoffice.org/svg/export'
Tests/utf8.svg:86: Element 'g' does not allow attributes with namespace 'http://xml.openoffice.org/svg/export'
Tests/utf8.svg:122: Element 'g' does not allow attributes with namespace 'http://xml.openoffice.org/svg/export'
Tests/utf8.svg:126: Element 'g' does not allow attributes with namespace 'http://xml.openoffice.org/svg/export'
Tests/utf8.svg:128: The attribute 'fill' does not allow the value 'rgb(255,255,255)', replaced with 'white'
Tests/utf8.svg:131: Element 'g' does not allow attributes with namespace 'http://xml.openoffice.org/svg/export'
Tests/utf8.svg:134: The attribute 'font-family' does not allow the value 'Arial, sans-serif', replaced with 'sans-serif'
Tests/utf8.svg:134: The attribute 'fill' does not allow the value 'rgb(255,255,255)', replaced with 'white'
Tests/utf8.svg:142: The element 'g' does not allow the attribute 'clip-path', attribute to be removed.
Tests/utf8.svg:143: Element 'g' does not allow attributes with namespace 'http://xml.openoffice.org/svg/export'
Tests/utf8.svg:150: The element 'g' does not allow the attribute 'clip-path', attribute to be removed.
Tests/utf8.svg:151: Element 'g' does not allow attributes with namespace 'http://xml.openoffice.org/svg/export'
Tests/utf8.svg:155: The attribute 'stroke' does not allow the value 'rgb(0,0,0)', replaced with 'black'
Tests/utf8.svg:161: The attribute 'stroke' does not allow the value 'rgb(0,0,0)', replaced with 'black'
Tests/utf8.svg:167: The attribute 'stroke' does not allow the value 'rgb(0,0,0)', replaced with 'black'
Tests/utf8.svg:173: The attribute 'stroke' does not allow the value 'rgb(0,0,0)', replaced with 'black'
Tests/utf8.svg:179: The attribute 'stroke' does not allow the value 'rgb(0,0,0)', replaced with 'black'
Tests/utf8.svg:185: The attribute 'stroke' does not allow the value 'rgb(0,0,0)', replaced with 'black'
Tests/utf8.svg:191: The attribute 'stroke' does not allow the value 'rgb(0,0,0)', replaced with 'black'
Tests/utf8.svg:197: The attribute 'stroke' does not allow the value 'rgb(0,0,0)', replaced with 'black'
Tests/utf8.svg:203: The attribute 'stroke' does not allow the value 'rgb(0,0,0)', replaced with 'black'
Tests/utf8.svg:209: The attribute 'stroke' does not allow the value 'rgb(0,0,0)', replaced with 'black'
Tests/utf8.svg:215: The attribute 'stroke' does not allow the value 'rgb(0,0,0)', replaced with 'black'
Tests/utf8.svg:221: The attribute 'stroke' does not allow the value 'rgb(0,0,0)', replaced with 'black'
Tests/utf8.svg:227: The attribute 'stroke' does not allow the value 'rgb(0,0,0)', replaced with 'black'
Tests/utf8.svg:233: The attribute 'font-family' does not allow the value 'Arial, sans-serif', replaced with 'sans-serif'
Tests/utf8.svg:233: The attribute 'fill' does not allow the value 'rgb(0,0,0)', replaced with 'black'
Tests/utf8.svg:239: The attribute 'stroke' does not allow the value 'rgb(128,128,128)', replaced with 'black'
Tests/utf8.svg:240: The attribute 'stroke' does not allow the value 'rgb(128,128,128)', replaced with 'black'
Tests/utf8.svg:241: The attribute 'stroke' does not allow the value 'rgb(128,128,128)', replaced with 'black'
Tests/utf8.svg:242: The attribute 'stroke' does not allow the value 'rgb(128,128,128)', replaced with 'black'
Tests/utf8.svg:243: The attribute 'stroke' does not allow the value 'rgb(128,128,128)', replaced with 'black'
Tests/utf8.svg:244: The attribute 'stroke' does not allow the value 'rgb(128,128,128)', replaced with 'black'
Tests/utf8.svg:245: The attribute 'stroke' does not allow the value 'rgb(128,128,128)', replaced with 'black'
Tests/utf8.svg:246: The attribute 'stroke' does not allow the value 'rgb(128,128,128)', replaced with 'black'
Tests/utf8.svg:247: The attribute 'stroke' does not allow the value 'rgb(128,128,128)', replaced with 'black'
Tests/utf8.svg:248: The attribute 'stroke' does not allow the value 'rgb(128,128,128)', replaced with 'black'
Tests/utf8.svg:249: The attribute 'stroke' does not allow the value 'rgb(128,128,128)', replaced with 'black'
Tests/utf8.svg:250: The attribute 'stroke' does not allow the value 'rgb(128,128,128)', replaced with 'black'
Tests/utf8.svg:251: The attribute 'stroke' does not allow the value 'rgb(0,0,0)', replaced with 'black'
Tests/utf8.svg:252: The attribute 'stroke' does not allow the value 'rgb(0,0,0)', replaced with 'black'
Tests/utf8.svg:253: The attribute 'stroke' does not allow the value 'rgb(0,0,0)', replaced with 'black'
Tests/utf8.svg:254: The attribute 'stroke' does not allow the value 'rgb(0,0,0)', replaced with 'black'
Tests/utf8.svg:255: The attribute 'stroke' does not allow the value 'rgb(0,0,0)', replaced with 'black'
Tests/utf8.svg:256: The attribute 'stroke' does not allow the value 'rgb(0,0,0)', replaced with 'black'
Tests/utf8.svg:257: The attribute 'stroke' does not allow the value 'rgb(0,0,0)', replaced with 'black'
Tests/utf8.svg:258: The attribute 'stroke' does not allow the value 'rgb(0,0,0)', replaced with 'black'
Tests/utf8.svg:259: The attribute 'stroke' does not allow the value 'rgb(0,0,0)', replaced with 'black'
Tests/utf8.svg:260: The attribute 'stroke' does not allow the value 'rgb(0,0,0)', replaced with 'black'
Tests/utf8.svg:261: The attribute 'stroke' does not allow the value 'rgb(0,0,0)', replaced with 'black'
Tests/utf8.svg:262: The attribute 'stroke' does not allow the value 'rgb(0,0,0)', replaced with 'black'
Tests/utf8.svg:268: The attribute 'font-family' does not allow the value 'Arial, sans-serif', replaced with 'sans-serif'
Tests/utf8.svg:268: The attribute 'fill' does not allow the value 'rgb(0,0,0)', replaced with 'black'
Tests/utf8.svg:274: The attribute 'fill' does not allow the value 'rgb(255,255,255)', replaced with 'white'
Tests/utf8.svg:275: The attribute 'stroke' does not allow the value 'rgb(0,0,0)', replaced with 'black'
Tests/utf8.svg:276: The attribute 'font-family' does not allow the value 'Arial, sans-serif', replaced with 'sans-serif'
Tests/utf8.svg:276: The attribute 'fill' does not allow the value 'rgb(0,0,0)', replaced with 'black'
Tests/utf8.svg:276: The attribute 'fill' does not allow the value 'rgb(0,0,0)', replaced with 'black'
Tests/utf8.svg:282: The attribute 'fill' does not allow the value 'rgb(255,255,255)', replaced with 'white'
Tests/utf8.svg:283: The attribute 'stroke' does not allow the value 'rgb(0,0,0)', replaced with 'black'
Tests/utf8.svg:284: The attribute 'font-family' does not allow the value 'Arial, sans-serif', replaced with 'sans-serif'
Tests/utf8.svg:284: The attribute 'fill' does not allow the value 'rgb(0,0,0)', replaced with 'black'
Tests/utf8.svg:290: The attribute 'fill' does not allow the value 'rgb(255,255,255)', replaced with 'white'
Tests/utf8.svg:291: The attribute 'stroke' does not allow the value 'rgb(0,0,0)', replaced with 'black'
Tests/utf8.svg:292: The attribute 'font-family' does not allow the value 'Arial, sans-serif', replaced with 'sans-serif'
Tests/utf8.svg:292: The attribute 'fill' does not allow the value 'rgb(0,0,0)', replaced with 'black'
Tests/utf8.svg:298: The attribute 'fill' does not allow the value 'rgb(255,255,255)', replaced with 'white'
Tests/utf8.svg:299: The attribute 'stroke' does not allow the value 'rgb(0,0,0)', replaced with 'black'
Tests/utf8.svg:300: The attribute 'font-family' does not allow the value 'Arial, sans-serif', replaced with 'sans-serif'
Tests/utf8.svg:300: The attribute 'fill' does not allow the value 'rgb(0,0,0)', replaced with 'black'
Tests/utf8.svg:306: The attribute 'fill' does not allow the value 'rgb(255,255,255)', replaced with 'white'
Tests/utf8.svg:307: The attribute 'stroke' does not allow the value 'rgb(0,0,0)', replaced with 'black'
Tests/utf8.svg:308: The attribute 'font-family' does not allow the value 'Arial, sans-serif', replaced with 'sans-serif'
Tests/utf8.svg:308: The attribute 'fill' does not allow the value 'rgb(0,0,0)', replaced with 'black'
Tests/utf8.svg:314: The attribute 'fill' does not allow the value 'rgb(255,255,255)', replaced with 'white'
Tests/utf8.svg:315: The attribute 'stroke' does not allow the value 'rgb(0,0,0)', replaced with 'black'
Tests/utf8.svg:316: The attribute 'font-family' does not allow the value 'Arial, sans-serif', replaced with 'sans-serif'
Tests/utf8.svg:316: The attribute 'fill' does not allow the value 'rgb(0,0,0)', replaced with 'black'
Tests/utf8.svg:322: The attribute 'fill' does not allow the value 'rgb(255,255,255)', replaced with 'white'
Tests/utf8.svg:323: The attribute 'stroke' does not allow the value 'rgb(0,0,0)', replaced with 'black'
Tests/utf8.svg:324: The attribute 'font-family' does not allow the value 'Arial, sans-serif', replaced with 'sans-serif'
Tests/utf8.svg:324: The attribute 'fill' does not allow the value 'rgb(0,0,0)', replaced with 'black'
Tests/utf8.svg:330: The attribute 'fill' does not allow the value 'rgb(255,255,255)', replaced with 'white'
Tests/utf8.svg:331: The attribute 'stroke' does not allow the value 'rgb(0,0,0)', replaced with 'black'
Tests/utf8.svg:332: The attribute 'font-family' does not allow the value 'Arial, sans-serif', replaced with 'sans-serif'
Tests/utf8.svg:332: The attribute 'fill' does not allow the value 'rgb(0,0,0)', replaced with 'black'
Tests/utf8.svg:338: The attribute 'fill' does not allow the value 'rgb(255,255,255)', replaced with 'white'
Tests/utf8.svg:339: The attribute 'stroke' does not allow the value 'rgb(0,0,0)', replaced with 'black'
Tests/utf8.svg:340: The attribute 'font-family' does not allow the value 'Arial, sans-serif', replaced with 'sans-serif'
Tests/utf8.svg:340: The attribute 'fill' does not allow the value 'rgb(0,0,0)', replaced with 'black'
Tests/utf8.svg:340: The attribute 'fill' does not allow the value 'rgb(0,0,0)', replaced with 'black'
Tests/utf8.svg:346: The attribute 'fill' does not allow the value 'rgb(255,255,255)', replaced with 'white'
Tests/utf8.svg:347: The attribute 'stroke' does not allow the value 'rgb(0,0,0)', replaced with 'black'
Tests/utf8.svg:348: The attribute 'font-family' does not allow the value 'Arial, sans-serif', replaced with 'sans-serif'
Tests/utf8.svg:348: The attribute 'fill' does not allow the value 'rgb(0,0,0)', replaced with 'black'
Tests/utf8.svg:348: The attribute 'fill' does not allow the value 'rgb(0,0,0)', replaced with 'black'
Tests/utf8.svg:354: The attribute 'fill' does not allow the value 'rgb(255,255,255)', replaced with 'white'
Tests/utf8.svg:355: The attribute 'stroke' does not allow the value 'rgb(0,0,0)', replaced with 'black'
Tests/utf8.svg:356: The attribute 'font-family' does not allow the value 'Arial, sans-serif', replaced with 'sans-serif'
Tests/utf8.svg:356: The attribute 'fill' does not allow the value 'rgb(0,0,0)', replaced with 'black'
Tests/utf8.svg:356: The attribute 'fill' does not allow the value 'rgb(0,0,0)', replaced with 'black'
Tests/utf8.svg:362: The attribute 'fill' does not allow the value 'rgb(255,255,255)', replaced with 'white'
Tests/utf8.svg:363: The attribute 'stroke' does not allow the value 'rgb(0,0,0)', replaced with 'black'
Tests/utf8.svg:364: The attribute 'font-family' does not allow the value 'Arial, sans-serif', replaced with 'sans-serif'
Tests/utf8.svg:364: The attribute 'fill' does not allow the value 'rgb(0,0,0)', replaced with 'black'
Tests/utf8.svg:364: The attribute 'fill' does not allow the value 'rgb(0,0,0)', replaced with 'black'
Tests/utf8.svg:370: The attribute 'stroke' does not allow the value 'rgb(0,0,0)', replaced with 'black'
Tests/utf8.svg:376: The attribute 'stroke' does not allow the value 'rgb(0,0,0)', replaced with 'black'
Tests/utf8.svg:382: The attribute 'stroke' does not allow the value 'rgb(0,0,0)', replaced with 'black'
Tests/utf8.svg:388: The attribute 'stroke' does not allow the value 'rgb(0,0,0)', replaced with 'black'
Tests/utf8.svg:394: The attribute 'font-family' does not allow the value 'Arial, sans-serif', replaced with 'sans-serif'
Tests/utf8.svg:394: The attribute 'fill' does not allow the value 'rgb(0,0,0)', replaced with 'black'
Tests/utf8.svg:394: The attribute 'fill' does not allow the value 'rgb(0,0,0)', replaced with 'black'
Tests/utf8.svg:400: The attribute 'font-family' does not allow the value 'Arial, sans-serif', replaced with 'sans-serif'
Tests/utf8.svg:400: The attribute 'fill' does not allow the value 'rgb(0,0,0)', replaced with 'black'
Tests/utf8.svg:400: The attribute 'fill' does not allow the value 'rgb(0,0,0)', replaced with 'black'
Tests/utf8.svg:400: The attribute 'fill' does not allow the value 'rgb(0,0,0)', replaced with 'black'
Tests/utf8.svg:406: The attribute 'font-family' does not allow the value 'Arial, sans-serif', replaced with 'sans-serif'
Tests/utf8.svg:406: The attribute 'fill' does not allow the value 'rgb(0,0,0)', replaced with 'black'
Tests/utf8.svg:406: The attribute 'fill' does not allow the value 'rgb(0,0,0)', replaced with 'black'
Tests/utf8.svg:406: The attribute 'fill' does not allow the value 'rgb(0,0,0)', replaced with 'black'
Tests/utf8.svg:412: The attribute 'font-family' does not allow the value 'Arial, sans-serif', replaced with 'sans-serif'
Tests/utf8.svg:412: The attribute 'fill' does not allow the value 'rgb(0,0,0)', replaced with 'black'
Tests/utf8.svg:412: The attribute 'fill' does not allow the value 'rgb(0,0,0)', replaced with 'black'
Tests/utf8.svg:412: The attribute 'fill' does not allow the value 'rgb(0,0,0)', replaced with 'black'
Tests/utf8.svg:418: The attribute 'font-family' does not allow the value 'Arial, sans-serif', replaced with 'sans-serif'
Tests/utf8.svg:418: The attribute 'fill' does not allow the value 'rgb(0,0,0)', replaced with 'black'
Tests/utf8.svg:418: The attribute 'fill' does not allow the value 'rgb(0,0,0)', replaced with 'black'
Tests/utf8.svg:418: The attribute 'fill' does not allow the value 'rgb(0,0,0)', replaced with 'black'
Tests/utf8.svg:424: The attribute 'fill' does not allow the value 'rgb(255,255,255)', replaced with 'white'
Tests/utf8.svg:425: The attribute 'stroke' does not allow the value 'rgb(0,0,0)', replaced with 'black'
Tests/utf8.svg:426: The attribute 'font-family' does not allow the value 'Arial, sans-serif', replaced with 'sans-serif'
Tests/utf8.svg:426: The attribute 'fill' does not allow the value 'rgb(0,0,0)', replaced with 'black'
Tests/utf8.svg:432: The attribute 'stroke' does not allow the value 'rgb(0,0,0)', replaced with 'black'
Tests/utf8.svg:433: The attribute 'font-family' does not allow the value 'Arial, sans-serif', replaced with 'sans-serif'
Tests/utf8.svg:433: The attribute 'fill' does not allow the value 'rgb(255,255,255)', replaced with 'white'
Tests/utf8.svg:433: The attribute 'fill' does not allow the value 'rgb(255,255,255)', replaced with 'white'
Tests/utf8.svg:433: The attribute 'fill' does not allow the value 'rgb(255,255,255)', replaced with 'white'
Tests/utf8.svg:438: The attribute 'stroke' does not allow the value 'no—ne', replaced with 'black'
Tests/utf8.svg:439: The attribute 'stroke' does not allow the value 'rgb(0,0,0)', replaced with 'black'
Tests/utf8.svg:440: The attribute 'font-family' does not allow the value 'Arial, sans-serif', replaced with 'sans-serif'
Tests/utf8.svg:440: The attribute 'fill' does not allow the value 'rgb(0,0,0)', replaced with 'black'
Tests/utf8.svg:440: The attribute 'fill' does not allow the value 'rgb(0,0,0)', replaced with 'black'
Tests/utf8.svg:440: The attribute 'fill' does not allow the value 'rgb(0,0,0)', replaced with 'black'
ERROR: File does not conform to SVG requirements
