Tests/svg-wordle.svg:15: The element 'metadata' is not allowed as a child of 'svg'
Tests/svg-wordle.svg:19: The element 'clipPath' is not allowed as a child of 'defs'
Tests/svg-wordle.svg:27: The element 'g' does not allow the attribute 'clip-path', attribute to be removed.
Tests\svg-wordle.svg:33: The attribute 'style' does not allow the value 'fill:#dbdbdb;fill-opacity:1;fill-rule:nonzero;stroke:none', replaced with 'fill:black;fill-opacity:1;fill-rule:nonzero;stroke:none'
Tests\svg-wordle.svg:36: The attribute 'style' does not allow the value 'fill:#700a00;fill-opacity:1;fill-rule:nonzero;stroke:none', replaced with 'fill:black;fill-opacity:1;fill-rule:nonzero;stroke:none'
Tests\svg-wordle.svg:39: The attribute 'style' does not allow the value 'fill:#370200;fill-opacity:1;fill-rule:nonzero;stroke:none', replaced with 'fill:black;fill-opacity:1;fill-rule:nonzero;stroke:none'
Tests\svg-wordle.svg:42: The attribute 'style' does not allow the value 'fill:#818181;fill-opacity:1;fill-rule:nonzero;stroke:none', replaced with 'fill:black;fill-opacity:1;fill-rule:nonzero;stroke:none'
Tests\svg-wordle.svg:45: The attribute 'style' does not allow the value 'fill:#4f0500;fill-opacity:1;fill-rule:nonzero;stroke:none', replaced with 'fill:black;fill-opacity:1;fill-rule:nonzero;stroke:none'
Tests\svg-wordle.svg:48: The attribute 'style' does not allow the value 'fill:#808080;fill-opacity:1;fill-rule:nonzero;stroke:none', replaced with 'fill:black;fill-opacity:1;fill-rule:nonzero;stroke:none'
Tests\svg-wordle.svg:51: The attribute 'style' does not allow the value 'fill:#787878;fill-opacity:1;fill-rule:nonzero;stroke:none', replaced with 'fill:black;fill-opacity:1;fill-rule:nonzero;stroke:none'
Tests\svg-wordle.svg:54: The attribute 'style' does not allow the value 'fill:#dddddd;fill-opacity:1;fill-rule:nonzero;stroke:none', replaced with 'fill:black;fill-opacity:1;fill-rule:nonzero;stroke:none'
Tests\svg-wordle.svg:57: The attribute 'style' does not allow the value 'fill:#800d00;fill-opacity:1;fill-rule:nonzero;stroke:none', replaced with 'fill:black;fill-opacity:1;fill-rule:nonzero;stroke:none'
Tests\svg-wordle.svg:60: The attribute 'style' does not allow the value 'fill:#af7d7c;fill-opacity:1;fill-rule:nonzero;stroke:none', replaced with 'fill:black;fill-opacity:1;fill-rule:nonzero;stroke:none'
Tests\svg-wordle.svg:63: The attribute 'style' does not allow the value 'fill:#380200;fill-opacity:1;fill-rule:nonzero;stroke:none', replaced with 'fill:black;fill-opacity:1;fill-rule:nonzero;stroke:none'
Tests\svg-wordle.svg:66: The attribute 'style' does not allow the value 'fill:#737373;fill-opacity:1;fill-rule:nonzero;stroke:none', replaced with 'fill:black;fill-opacity:1;fill-rule:nonzero;stroke:none'
Tests\svg-wordle.svg:69: The attribute 'style' does not allow the value 'fill:#740b00;fill-opacity:1;fill-rule:nonzero;stroke:none', replaced with 'fill:black;fill-opacity:1;fill-rule:nonzero;stroke:none'
Tests\svg-wordle.svg:72: The attribute 'style' does not allow the value 'fill:#3b0300;fill-opacity:1;fill-rule:nonzero;stroke:none', replaced with 'fill:black;fill-opacity:1;fill-rule:nonzero;stroke:none'
Tests\svg-wordle.svg:75: The attribute 'style' does not allow the value 'fill:#7d0d00;fill-opacity:1;fill-rule:nonzero;stroke:none', replaced with 'fill:black;fill-opacity:1;fill-rule:nonzero;stroke:none'
Tests\svg-wordle.svg:78: The attribute 'style' does not allow the value 'fill:#7b7b7b;fill-opacity:1;fill-rule:nonzero;stroke:none', replaced with 'fill:black;fill-opacity:1;fill-rule:nonzero;stroke:none'
Tests\svg-wordle.svg:81: The attribute 'style' does not allow the value 'fill:#707070;fill-opacity:1;fill-rule:nonzero;stroke:none', replaced with 'fill:black;fill-opacity:1;fill-rule:nonzero;stroke:none'
Tests\svg-wordle.svg:84: The attribute 'style' does not allow the value 'fill:#3b0300;fill-opacity:1;fill-rule:nonzero;stroke:none', replaced with 'fill:black;fill-opacity:1;fill-rule:nonzero;stroke:none'
Tests\svg-wordle.svg:87: The attribute 'style' does not allow the value 'fill:#470400;fill-opacity:1;fill-rule:nonzero;stroke:none', replaced with 'fill:black;fill-opacity:1;fill-rule:nonzero;stroke:none'
Tests\svg-wordle.svg:90: The attribute 'style' does not allow the value 'fill:#b17f7e;fill-opacity:1;fill-rule:nonzero;stroke:none', replaced with 'fill:black;fill-opacity:1;fill-rule:nonzero;stroke:none'
Tests\svg-wordle.svg:93: The attribute 'style' does not allow the value 'fill:#7d7d7d;fill-opacity:1;fill-rule:nonzero;stroke:none', replaced with 'fill:black;fill-opacity:1;fill-rule:nonzero;stroke:none'
Tests\svg-wordle.svg:96: The attribute 'style' does not allow the value 'fill:#430300;fill-opacity:1;fill-rule:nonzero;stroke:none', replaced with 'fill:black;fill-opacity:1;fill-rule:nonzero;stroke:none'
Tests\svg-wordle.svg:99: The attribute 'style' does not allow the value 'fill:#3d0300;fill-opacity:1;fill-rule:nonzero;stroke:none', replaced with 'fill:black;fill-opacity:1;fill-rule:nonzero;stroke:none'
Tests\svg-wordle.svg:102: The attribute 'style' does not allow the value 'fill:#dbdbdb;fill-opacity:1;fill-rule:nonzero;stroke:none', replaced with 'fill:black;fill-opacity:1;fill-rule:nonzero;stroke:none'
Tests\svg-wordle.svg:105: The attribute 'style' does not allow the value 'fill:#460400;fill-opacity:1;fill-rule:nonzero;stroke:none', replaced with 'fill:black;fill-opacity:1;fill-rule:nonzero;stroke:none'
Tests\svg-wordle.svg:108: The attribute 'style' does not allow the value 'fill:#d6d6d6;fill-opacity:1;fill-rule:nonzero;stroke:none', replaced with 'fill:black;fill-opacity:1;fill-rule:nonzero;stroke:none'
Tests\svg-wordle.svg:111: The attribute 'style' does not allow the value 'fill:#ae7d7c;fill-opacity:1;fill-rule:nonzero;stroke:none', replaced with 'fill:black;fill-opacity:1;fill-rule:nonzero;stroke:none'
Tests\svg-wordle.svg:114: The attribute 'style' does not allow the value 'fill:#7a7a7a;fill-opacity:1;fill-rule:nonzero;stroke:none', replaced with 'fill:black;fill-opacity:1;fill-rule:nonzero;stroke:none'
Tests\svg-wordle.svg:117: The attribute 'style' does not allow the value 'fill:#7c7c7c;fill-opacity:1;fill-rule:nonzero;stroke:none', replaced with 'fill:black;fill-opacity:1;fill-rule:nonzero;stroke:none'
Tests\svg-wordle.svg:120: The attribute 'style' does not allow the value 'fill:#d1d0d1;fill-opacity:1;fill-rule:nonzero;stroke:none', replaced with 'fill:black;fill-opacity:1;fill-rule:nonzero;stroke:none'
Tests\svg-wordle.svg:123: The attribute 'style' does not allow the value 'fill:#b38180;fill-opacity:1;fill-rule:nonzero;stroke:none', replaced with 'fill:black;fill-opacity:1;fill-rule:nonzero;stroke:none'
Tests\svg-wordle.svg:126: The attribute 'style' does not allow the value 'fill:#790c00;fill-opacity:1;fill-rule:nonzero;stroke:none', replaced with 'fill:black;fill-opacity:1;fill-rule:nonzero;stroke:none'
Tests\svg-wordle.svg:129: The attribute 'style' does not allow the value 'fill:#7a7a7a;fill-opacity:1;fill-rule:nonzero;stroke:none', replaced with 'fill:black;fill-opacity:1;fill-rule:nonzero;stroke:none'
Tests\svg-wordle.svg:132: The attribute 'style' does not allow the value 'fill:#3d0300;fill-opacity:1;fill-rule:nonzero;stroke:none', replaced with 'fill:black;fill-opacity:1;fill-rule:nonzero;stroke:none'
Tests\svg-wordle.svg:135: The attribute 'style' does not allow the value 'fill:#d2d2d2;fill-opacity:1;fill-rule:nonzero;stroke:none', replaced with 'fill:black;fill-opacity:1;fill-rule:nonzero;stroke:none'
Tests\svg-wordle.svg:138: The attribute 'style' does not allow the value 'fill:#760b00;fill-opacity:1;fill-rule:nonzero;stroke:none', replaced with 'fill:black;fill-opacity:1;fill-rule:nonzero;stroke:none'
Tests\svg-wordle.svg:141: The attribute 'style' does not allow the value 'fill:#4d0400;fill-opacity:1;fill-rule:nonzero;stroke:none', replaced with 'fill:black;fill-opacity:1;fill-rule:nonzero;stroke:none'
Tests\svg-wordle.svg:144: The attribute 'style' does not allow the value 'fill:#dcdcdc;fill-opacity:1;fill-rule:nonzero;stroke:none', replaced with 'fill:black;fill-opacity:1;fill-rule:nonzero;stroke:none'
Tests\svg-wordle.svg:147: The attribute 'style' does not allow the value 'fill:#ad7c7b;fill-opacity:1;fill-rule:nonzero;stroke:none', replaced with 'fill:black;fill-opacity:1;fill-rule:nonzero;stroke:none'
Tests\svg-wordle.svg:150: The attribute 'style' does not allow the value 'fill:#818181;fill-opacity:1;fill-rule:nonzero;stroke:none', replaced with 'fill:black;fill-opacity:1;fill-rule:nonzero;stroke:none'
Tests\svg-wordle.svg:153: The attribute 'style' does not allow the value 'fill:#a57675;fill-opacity:1;fill-rule:nonzero;stroke:none', replaced with 'fill:black;fill-opacity:1;fill-rule:nonzero;stroke:none'
Tests\svg-wordle.svg:156: The attribute 'style' does not allow the value 'fill:#b27f7e;fill-opacity:1;fill-rule:nonzero;stroke:none', replaced with 'fill:black;fill-opacity:1;fill-rule:nonzero;stroke:none'
Tests\svg-wordle.svg:159: The attribute 'style' does not allow the value 'fill:#d2d2d2;fill-opacity:1;fill-rule:nonzero;stroke:none', replaced with 'fill:black;fill-opacity:1;fill-rule:nonzero;stroke:none'
Tests\svg-wordle.svg:162: The attribute 'style' does not allow the value 'fill:#780b00;fill-opacity:1;fill-rule:nonzero;stroke:none', replaced with 'fill:black;fill-opacity:1;fill-rule:nonzero;stroke:none'
Tests\svg-wordle.svg:165: The attribute 'style' does not allow the value 'fill:#7d0d00;fill-opacity:1;fill-rule:nonzero;stroke:none', replaced with 'fill:black;fill-opacity:1;fill-rule:nonzero;stroke:none'
Tests\svg-wordle.svg:168: The attribute 'style' does not allow the value 'fill:#7e0d00;fill-opacity:1;fill-rule:nonzero;stroke:none', replaced with 'fill:black;fill-opacity:1;fill-rule:nonzero;stroke:none'
Tests\svg-wordle.svg:171: The attribute 'style' does not allow the value 'fill:#720a00;fill-opacity:1;fill-rule:nonzero;stroke:none', replaced with 'fill:black;fill-opacity:1;fill-rule:nonzero;stroke:none'
Tests\svg-wordle.svg:174: The attribute 'style' does not allow the value 'fill:#a37574;fill-opacity:1;fill-rule:nonzero;stroke:none', replaced with 'fill:black;fill-opacity:1;fill-rule:nonzero;stroke:none'
Tests\svg-wordle.svg:177: The attribute 'style' does not allow the value 'fill:#797979;fill-opacity:1;fill-rule:nonzero;stroke:none', replaced with 'fill:black;fill-opacity:1;fill-rule:nonzero;stroke:none'
Tests\svg-wordle.svg:180: The attribute 'style' does not allow the value 'fill:#797979;fill-opacity:1;fill-rule:nonzero;stroke:none', replaced with 'fill:black;fill-opacity:1;fill-rule:nonzero;stroke:none'
Tests\svg-wordle.svg:183: The attribute 'style' does not allow the value 'fill:#d9d9d9;fill-opacity:1;fill-rule:nonzero;stroke:none', replaced with 'fill:black;fill-opacity:1;fill-rule:nonzero;stroke:none'
Tests\svg-wordle.svg:186: The attribute 'style' does not allow the value 'fill:#780b00;fill-opacity:1;fill-rule:nonzero;stroke:none', replaced with 'fill:black;fill-opacity:1;fill-rule:nonzero;stroke:none'
Tests\svg-wordle.svg:189: The attribute 'style' does not allow the value 'fill:#780b00;fill-opacity:1;fill-rule:nonzero;stroke:none', replaced with 'fill:black;fill-opacity:1;fill-rule:nonzero;stroke:none'
Tests\svg-wordle.svg:192: The attribute 'style' does not allow the value 'fill:#6f6f6f;fill-opacity:1;fill-rule:nonzero;stroke:none', replaced with 'fill:black;fill-opacity:1;fill-rule:nonzero;stroke:none'
Tests\svg-wordle.svg:195: The attribute 'style' does not allow the value 'fill:#cecece;fill-opacity:1;fill-rule:nonzero;stroke:none', replaced with 'fill:black;fill-opacity:1;fill-rule:nonzero;stroke:none'
Tests\svg-wordle.svg:198: The attribute 'style' does not allow the value 'fill:#770b00;fill-opacity:1;fill-rule:nonzero;stroke:none', replaced with 'fill:black;fill-opacity:1;fill-rule:nonzero;stroke:none'
Tests\svg-wordle.svg:201: The attribute 'style' does not allow the value 'fill:#d7d7d7;fill-opacity:1;fill-rule:nonzero;stroke:none', replaced with 'fill:black;fill-opacity:1;fill-rule:nonzero;stroke:none'
Tests\svg-wordle.svg:204: The attribute 'style' does not allow the value 'fill:#dddddd;fill-opacity:1;fill-rule:nonzero;stroke:none', replaced with 'fill:black;fill-opacity:1;fill-rule:nonzero;stroke:none'
Tests\svg-wordle.svg:207: The attribute 'style' does not allow the value 'fill:#3c0300;fill-opacity:1;fill-rule:nonzero;stroke:none', replaced with 'fill:black;fill-opacity:1;fill-rule:nonzero;stroke:none'
Tests\svg-wordle.svg:210: The attribute 'style' does not allow the value 'fill:#750b00;fill-opacity:1;fill-rule:nonzero;stroke:none', replaced with 'fill:black;fill-opacity:1;fill-rule:nonzero;stroke:none'
Tests\svg-wordle.svg:213: The attribute 'style' does not allow the value 'fill:#840e00;fill-opacity:1;fill-rule:nonzero;stroke:none', replaced with 'fill:black;fill-opacity:1;fill-rule:nonzero;stroke:none'
Tests\svg-wordle.svg:216: The attribute 'style' does not allow the value 'fill:#d8d8d8;fill-opacity:1;fill-rule:nonzero;stroke:none', replaced with 'fill:black;fill-opacity:1;fill-rule:nonzero;stroke:none'
Tests\svg-wordle.svg:219: The attribute 'style' does not allow the value 'fill:#747474;fill-opacity:1;fill-rule:nonzero;stroke:none', replaced with 'fill:black;fill-opacity:1;fill-rule:nonzero;stroke:none'
Tests\svg-wordle.svg:222: The attribute 'style' does not allow the value 'fill:#a27473;fill-opacity:1;fill-rule:nonzero;stroke:none', replaced with 'fill:black;fill-opacity:1;fill-rule:nonzero;stroke:none'
Tests\svg-wordle.svg:225: The attribute 'style' does not allow the value 'fill:#4b0400;fill-opacity:1;fill-rule:nonzero;stroke:none', replaced with 'fill:black;fill-opacity:1;fill-rule:nonzero;stroke:none'
Tests\svg-wordle.svg:228: The attribute 'style' does not allow the value 'fill:#4d0400;fill-opacity:1;fill-rule:nonzero;stroke:none', replaced with 'fill:black;fill-opacity:1;fill-rule:nonzero;stroke:none'
Tests\svg-wordle.svg:231: The attribute 'style' does not allow the value 'fill:#410300;fill-opacity:1;fill-rule:nonzero;stroke:none', replaced with 'fill:black;fill-opacity:1;fill-rule:nonzero;stroke:none'
Tests\svg-wordle.svg:234: The attribute 'style' does not allow the value 'fill:#a97978;fill-opacity:1;fill-rule:nonzero;stroke:none', replaced with 'fill:black;fill-opacity:1;fill-rule:nonzero;stroke:none'
Tests\svg-wordle.svg:237: The attribute 'style' does not allow the value 'fill:#d9d9d9;fill-opacity:1;fill-rule:nonzero;stroke:none', replaced with 'fill:black;fill-opacity:1;fill-rule:nonzero;stroke:none'
Tests\svg-wordle.svg:240: The attribute 'style' does not allow the value 'fill:#747474;fill-opacity:1;fill-rule:nonzero;stroke:none', replaced with 'fill:black;fill-opacity:1;fill-rule:nonzero;stroke:none'
Tests\svg-wordle.svg:243: The attribute 'style' does not allow the value 'fill:#720a00;fill-opacity:1;fill-rule:nonzero;stroke:none', replaced with 'fill:black;fill-opacity:1;fill-rule:nonzero;stroke:none'
Tests\svg-wordle.svg:246: The attribute 'style' does not allow the value 'fill:#cecece;fill-opacity:1;fill-rule:nonzero;stroke:none', replaced with 'fill:black;fill-opacity:1;fill-rule:nonzero;stroke:none'
Tests\svg-wordle.svg:249: The attribute 'style' does not allow the value 'fill:#800d00;fill-opacity:1;fill-rule:nonzero;stroke:none', replaced with 'fill:black;fill-opacity:1;fill-rule:nonzero;stroke:none'
Tests\svg-wordle.svg:252: The attribute 'style' does not allow the value 'fill:#400300;fill-opacity:1;fill-rule:nonzero;stroke:none', replaced with 'fill:black;fill-opacity:1;fill-rule:nonzero;stroke:none'
Tests\svg-wordle.svg:255: The attribute 'style' does not allow the value 'fill:#490400;fill-opacity:1;fill-rule:nonzero;stroke:none', replaced with 'fill:black;fill-opacity:1;fill-rule:nonzero;stroke:none'
Tests\svg-wordle.svg:258: The attribute 'style' does not allow the value 'fill:#d1d0d1;fill-opacity:1;fill-rule:nonzero;stroke:none', replaced with 'fill:black;fill-opacity:1;fill-rule:nonzero;stroke:none'
Tests\svg-wordle.svg:261: The attribute 'style' does not allow the value 'fill:#760b00;fill-opacity:1;fill-rule:nonzero;stroke:none', replaced with 'fill:black;fill-opacity:1;fill-rule:nonzero;stroke:none'
Tests\svg-wordle.svg:264: The attribute 'style' does not allow the value 'fill:#3b0300;fill-opacity:1;fill-rule:nonzero;stroke:none', replaced with 'fill:black;fill-opacity:1;fill-rule:nonzero;stroke:none'
Tests\svg-wordle.svg:267: The attribute 'style' does not allow the value 'fill:#4a0400;fill-opacity:1;fill-rule:nonzero;stroke:none', replaced with 'fill:black;fill-opacity:1;fill-rule:nonzero;stroke:none'
Tests\svg-wordle.svg:270: The attribute 'style' does not allow the value 'fill:#490400;fill-opacity:1;fill-rule:nonzero;stroke:none', replaced with 'fill:black;fill-opacity:1;fill-rule:nonzero;stroke:none'
Tests\svg-wordle.svg:273: The attribute 'style' does not allow the value 'fill:#a57675;fill-opacity:1;fill-rule:nonzero;stroke:none', replaced with 'fill:black;fill-opacity:1;fill-rule:nonzero;stroke:none'
Tests\svg-wordle.svg:276: The attribute 'style' does not allow the value 'fill:#a17372;fill-opacity:1;fill-rule:nonzero;stroke:none', replaced with 'fill:black;fill-opacity:1;fill-rule:nonzero;stroke:none'
Tests\svg-wordle.svg:279: The attribute 'style' does not allow the value 'fill:#3e0300;fill-opacity:1;fill-rule:nonzero;stroke:none', replaced with 'fill:black;fill-opacity:1;fill-rule:nonzero;stroke:none'
Tests\svg-wordle.svg:282: The attribute 'style' does not allow the value 'fill:#d1d0d1;fill-opacity:1;fill-rule:nonzero;stroke:none', replaced with 'fill:black;fill-opacity:1;fill-rule:nonzero;stroke:none'
Tests\svg-wordle.svg:285: The attribute 'style' does not allow the value 'fill:#3b0300;fill-opacity:1;fill-rule:nonzero;stroke:none', replaced with 'fill:black;fill-opacity:1;fill-rule:nonzero;stroke:none'
Tests\svg-wordle.svg:288: The attribute 'style' does not allow the value 'fill:#a77877;fill-opacity:1;fill-rule:nonzero;stroke:none', replaced with 'fill:black;fill-opacity:1;fill-rule:nonzero;stroke:none'
Tests\svg-wordle.svg:291: The attribute 'style' does not allow the value 'fill:#dbdbdb;fill-opacity:1;fill-rule:nonzero;stroke:none', replaced with 'fill:black;fill-opacity:1;fill-rule:nonzero;stroke:none'
Tests\svg-wordle.svg:294: The attribute 'style' does not allow the value 'fill:#787878;fill-opacity:1;fill-rule:nonzero;stroke:none', replaced with 'fill:black;fill-opacity:1;fill-rule:nonzero;stroke:none'
Tests\svg-wordle.svg:297: The attribute 'style' does not allow the value 'fill:#7e0d00;fill-opacity:1;fill-rule:nonzero;stroke:none', replaced with 'fill:black;fill-opacity:1;fill-rule:nonzero;stroke:none'
Tests\svg-wordle.svg:300: The attribute 'style' does not allow the value 'fill:#760b00;fill-opacity:1;fill-rule:nonzero;stroke:none', replaced with 'fill:black;fill-opacity:1;fill-rule:nonzero;stroke:none'
Tests\svg-wordle.svg:303: The attribute 'style' does not allow the value 'fill:#4a0400;fill-opacity:1;fill-rule:nonzero;stroke:none', replaced with 'fill:black;fill-opacity:1;fill-rule:nonzero;stroke:none'
Tests\svg-wordle.svg:306: The attribute 'style' does not allow the value 'fill:#440400;fill-opacity:1;fill-rule:nonzero;stroke:none', replaced with 'fill:black;fill-opacity:1;fill-rule:nonzero;stroke:none'
Tests\svg-wordle.svg:309: The attribute 'style' does not allow the value 'fill:#7f7f7f;fill-opacity:1;fill-rule:nonzero;stroke:none', replaced with 'fill:black;fill-opacity:1;fill-rule:nonzero;stroke:none'
Tests\svg-wordle.svg:312: The attribute 'style' does not allow the value 'fill:#460400;fill-opacity:1;fill-rule:nonzero;stroke:none', replaced with 'fill:black;fill-opacity:1;fill-rule:nonzero;stroke:none'
Tests\svg-wordle.svg:315: The attribute 'style' does not allow the value 'fill:#400300;fill-opacity:1;fill-rule:nonzero;stroke:none', replaced with 'fill:black;fill-opacity:1;fill-rule:nonzero;stroke:none'
Tests\svg-wordle.svg:318: The attribute 'style' does not allow the value 'fill:#3d0300;fill-opacity:1;fill-rule:nonzero;stroke:none', replaced with 'fill:black;fill-opacity:1;fill-rule:nonzero;stroke:none'
Tests\svg-wordle.svg:321: The attribute 'style' does not allow the value 'fill:#747474;fill-opacity:1;fill-rule:nonzero;stroke:none', replaced with 'fill:black;fill-opacity:1;fill-rule:nonzero;stroke:none'
Tests\svg-wordle.svg:324: The attribute 'style' does not allow the value 'fill:#818181;fill-opacity:1;fill-rule:nonzero;stroke:none', replaced with 'fill:black;fill-opacity:1;fill-rule:nonzero;stroke:none'
Tests\svg-wordle.svg:327: The attribute 'style' does not allow the value 'fill:#af7e7d;fill-opacity:1;fill-rule:nonzero;stroke:none', replaced with 'fill:black;fill-opacity:1;fill-rule:nonzero;stroke:none'
Tests\svg-wordle.svg:330: The attribute 'style' does not allow the value 'fill:#757575;fill-opacity:1;fill-rule:nonzero;stroke:none', replaced with 'fill:black;fill-opacity:1;fill-rule:nonzero;stroke:none'
